[2023-08-29 06:46:23]:[INFO]:[Configuration file found loading /home/administrator/scripts/remote_admin/var/conf/ra.administrator.conf]
[2023-08-29 06:46:23]:[INFO]:[Remote Admin v.2.0 startup completed]
[2023-08-29 06:46:25]:[INFO]:[System Diagnostics Started]
[2023-08-29 06:46:44]:[INFO]:[Remote Admin closing - total run time: 00h 00m 21.082s]
[2023-08-29 06:48:12]:[INFO]:[Configuration file found loading /home/administrator/scripts/remote_admin/var/conf/ra.administrator.conf]
[2023-08-29 06:48:12]:[INFO]:[Remote Admin v.2.0 startup completed]
[2023-08-29 06:48:15]:[INFO]:[Remote Admin closing - total run time: 00h 00m 03.103s]
[2023-08-29 06:48:33]:[INFO]:[Configuration file found loading /home/administrator/scripts/remote_admin/var/conf/ra.administrator.conf]
[2023-08-29 06:48:33]:[INFO]:[Remote Admin v.2.0 startup completed]
[2023-08-29 06:48:36]:[INFO]:[System Diagnostics Started]
[2023-08-29 06:48:54]:[INFO]:[Remote Admin closing - total run time: 00h 00m 21.144s]
[2023-08-29 06:49:25]:[INFO]:[Configuration file found loading /home/administrator/scripts/remote_admin/var/conf/ra.administrator.conf]
[2023-08-29 06:49:25]:[INFO]:[Remote Admin v.2.0 startup completed]
[2023-08-29 06:49:30]:[INFO]:[System Diagnostics Started]
[2023-08-29 06:49:48]:[INFO]:[System Diagnostics Started]
[2023-08-29 06:59:11]:[INFO]:[Configuration file found loading /home/administrator/scripts/remote_admin/var/conf/ra.administrator.conf]
[2023-08-29 06:59:11]:[INFO]:[Remote Admin v.2.0 startup completed]
[2023-08-29 06:59:13]:[INFO]:[System Diagnostics Started]
[2023-08-29 07:01:23]:[INFO]:[Remote Admin closing - total run time: 00h 02m 12.584s]
[2023-08-29 07:01:24]:[INFO]:[Configuration file found loading /home/administrator/scripts/remote_admin/var/conf/ra.administrator.conf]
[2023-08-29 07:01:24]:[INFO]:[Remote Admin v.2.0 startup completed]
[2023-08-29 07:01:26]:[INFO]:[System Diagnostics Started]
[2023-08-29 07:01:36]:[INFO]:[System Diagnostics Started]
[2023-08-29 07:02:15]:[INFO]:[Remote Admin closing - total run time: 00h 00m 51.080s]
[2023-08-29 07:02:16]:[INFO]:[Configuration file found loading /home/administrator/scripts/remote_admin/var/conf/ra.administrator.conf]
[2023-08-29 07:02:16]:[INFO]:[Remote Admin v.2.0 startup completed]
[2023-08-29 07:02:18]:[INFO]:[System Diagnostics Started]
[2023-08-29 07:02:27]:[INFO]:[System Diagnostics Started]
[2023-08-29 07:03:01]:[INFO]:[Remote Admin closing - total run time: 00h 00m 45.497s]
[2023-08-29 07:03:02]:[INFO]:[Configuration file found loading /home/administrator/scripts/remote_admin/var/conf/ra.administrator.conf]
[2023-08-29 07:03:02]:[INFO]:[Remote Admin v.2.0 startup completed]
[2023-08-29 07:03:03]:[INFO]:[System Diagnostics Started]
[2023-08-29 07:03:12]:[INFO]:[System Diagnostics Started]
[2023-08-29 07:03:24]:[INFO]:[System Diagnostics Started]
[2023-08-29 07:04:30]:[INFO]:[Remote Admin closing - total run time: 00h 01m 28.290s]
[2023-08-29 07:04:31]:[INFO]:[Configuration file found loading /home/administrator/scripts/remote_admin/var/conf/ra.administrator.conf]
[2023-08-29 07:04:31]:[INFO]:[Remote Admin v.2.0 startup completed]
[2023-08-29 07:04:37]:[INFO]:[System Diagnostics Started]
[2023-08-29 07:04:41]:[INFO]:[System Diagnostics Started]
[2023-08-29 07:04:52]:[INFO]:[System Diagnostics Started]
[2023-08-29 07:05:02]:[INFO]:[System Diagnostics Started]
[2023-08-29 07:05:28]:[INFO]:[Remote Admin closing - total run time: 00h 00m 57.537s]
[2023-08-29 07:05:29]:[INFO]:[Configuration file found loading /home/administrator/scripts/remote_admin/var/conf/ra.administrator.conf]
[2023-08-29 07:05:29]:[INFO]:[Remote Admin v.2.0 startup completed]
[2023-08-29 07:05:32]:[INFO]:[Remote Admin closing - total run time: 00h 00m 02.139s]
[2023-08-29 08:26:47]:[INFO]:[Configuration file found loading /home/administrator/scripts/remote_admin/var/conf/ra.administrator.conf]
[2023-08-29 08:26:47]:[INFO]:[Remote Admin v.2.0 startup completed]
[2023-08-29 10:15:31]:[INFO]:[Configuration file found loading /home/nasvc_orion/scripts/remote_admin/var/conf/ra.nasvc_orion.conf]
[2023-08-29 10:15:31]:[INFO]:[Remote Admin v.2.0 startup completed]
[2023-08-29 10:19:44]:[INFO]:[Remote Admin closing - total run time: 00h 04m 13.544s]
[2023-08-29 10:19:46]:[INFO]:[Configuration file found loading /home/nasvc_orion/scripts/remote_admin/var/conf/ra.nasvc_orion.conf]
[2023-08-29 10:19:46]:[INFO]:[Remote Admin v.2.0 startup completed]
[2023-08-29 10:19:47]:[INFO]:[Remote Admin closing - total run time: 00h 00m 01.263s]
[2023-08-29 10:19:59]:[INFO]:[Configuration file found loading /home/nasvc_orion/scripts/remote_admin/var/conf/ra.nasvc_orion.conf]
[2023-08-29 10:19:59]:[INFO]:[Remote Admin v.2.0 startup completed]
[2023-08-29 10:21:13]:[INFO]:[Remote Admin closing - total run time: 00h 01m 14.164s]
[2023-08-29 10:21:42]:[INFO]:[Configuration file found loading /home/nasvc_orion/scripts/remote_admin/var/conf/ra.nasvc_orion.conf]
[2023-08-29 10:21:43]:[INFO]:[Remote Admin v.2.0 startup completed]
[2023-08-29 10:21:56]:[INFO]:[System Diagnostics Started]
[2023-08-29 10:22:17]:[INFO]:[System Diagnostics Started]
[2023-08-29 10:22:23]:[INFO]:[System Diagnostics Started]
[2023-08-29 10:34:00]:[INFO]:[Configuration file found loading /home/nasvc_orion/scripts/remote_admin/var/conf/ra.nasvc_orion.conf]
[2023-08-29 10:34:00]:[INFO]:[Remote Admin v.2.0 startup completed]
[2023-08-29 10:34:03]:[INFO]:[System Diagnostics Started]
[2023-08-29 10:41:11]:[INFO]:[Configuration file found loading /home/nasvc_orion/scripts/remote_admin/var/conf/ra.nasvc_orion.conf]
[2023-08-29 10:41:11]:[INFO]:[Remote Admin v.2.0 startup completed]
[2023-08-29 10:41:14]:[INFO]:[System Diagnostics Started]
[2023-08-29 10:42:28]:[INFO]:[Remote Admin closing - total run time: 00h 01m 17.160s]
[2023-08-29 10:42:29]:[INFO]:[Configuration file found loading /home/nasvc_orion/scripts/remote_admin/var/conf/ra.nasvc_orion.conf]
[2023-08-29 10:42:29]:[INFO]:[Remote Admin v.2.0 startup completed]
[2023-08-29 10:42:30]:[INFO]:[System Diagnostics Started]
[2023-08-29 10:44:36]:[INFO]:[Remote Admin closing - total run time: 00h 02m 07.638s]
[2023-08-29 10:44:37]:[INFO]:[Configuration file found loading /home/nasvc_orion/scripts/remote_admin/var/conf/ra.nasvc_orion.conf]
[2023-08-29 10:44:37]:[INFO]:[Remote Admin v.2.0 startup completed]
[2023-08-29 10:44:39]:[INFO]:[System Diagnostics Started]
[2023-08-29 10:45:28]:[INFO]:[Remote Admin closing - total run time: 00h 00m 51.440s]
[2023-08-29 10:45:29]:[INFO]:[Configuration file found loading /home/nasvc_orion/scripts/remote_admin/var/conf/ra.nasvc_orion.conf]
[2023-08-29 10:45:29]:[INFO]:[Remote Admin v.2.0 startup completed]
[2023-08-29 10:45:31]:[INFO]:[System Diagnostics Started]
[2023-08-29 10:45:44]:[INFO]:[SSH to ]
[2023-08-29 10:46:16]:[INFO]:[Remote Admin closing - total run time: 00h 00m 47.417s]
[2023-08-29 10:46:17]:[INFO]:[Configuration file found loading /home/nasvc_orion/scripts/remote_admin/var/conf/ra.nasvc_orion.conf]
[2023-08-29 10:46:17]:[INFO]:[Remote Admin v.2.0 startup completed]
[2023-08-29 10:46:18]:[INFO]:[System Diagnostics Started]
[2023-08-29 10:46:31]:[INFO]:[SSH to watavdadocm01]
[2023-08-29 10:47:21]:[INFO]:[Remote Admin closing - total run time: 00h 01m 04.235s]
[2023-08-29 10:47:22]:[INFO]:[Configuration file found loading /home/nasvc_orion/scripts/remote_admin/var/conf/ra.nasvc_orion.conf]
[2023-08-29 10:47:22]:[INFO]:[Remote Admin v.2.0 startup completed]
[2023-08-29 10:47:23]:[INFO]:[System Diagnostics Started]
[2023-08-29 10:47:30]:[INFO]:[SSH to watavdadocm01]
[2023-08-29 10:48:43]:[INFO]:[Remote Admin closing - total run time: 00h 01m 21.990s]
[2023-08-29 10:48:44]:[INFO]:[Configuration file found loading /home/nasvc_orion/scripts/remote_admin/var/conf/ra.nasvc_orion.conf]
[2023-08-29 10:48:44]:[INFO]:[Remote Admin v.2.0 startup completed]
[2023-08-29 10:48:52]:[INFO]:[System Diagnostics Started]
[2023-08-29 10:48:59]:[INFO]:[SSH to watavdadocm01]
[2023-08-29 10:58:18]:[INFO]:[System Diagnostics Started]
[2023-08-29 10:58:22]:[INFO]:[System Diagnostics Started]
[2023-08-29 12:56:13]:[INFO]:[Configuration file found loading /home/nasvc_orion/scripts/remote_admin/var/conf/ra.nasvc_orion.conf]
[2023-08-29 12:56:13]:[INFO]:[Remote Admin v.2.0 startup completed]
[2023-08-29 12:56:16]:[INFO]:[System Diagnostics Started]
[2023-08-29 12:56:28]:[INFO]:[SSH to watavdadocm01]
[2023-08-29 15:58:30]:[INFO]:[Configuration file found loading /home/nasvc_orion/scripts/remote_admin/var/conf/ra.nasvc_orion.conf]
[2023-08-29 15:58:30]:[INFO]:[Remote Admin v.2.0 startup completed]
[2023-08-29 15:58:34]:[INFO]:[System Diagnostics Started]
[2023-08-29 15:58:56]:[INFO]:[SSH to watavdadocm06]
[2023-08-29 16:01:55]:[INFO]:[Remote Admin closing - total run time: 00h 03m 25.909s]
[2023-08-29 16:01:56]:[INFO]:[Configuration file found loading /home/nasvc_orion/scripts/remote_admin/var/conf/ra.nasvc_orion.conf]
[2023-08-29 16:01:56]:[INFO]:[Remote Admin v.2.0 startup completed]
[2023-08-29 16:01:58]:[INFO]:[System Diagnostics Started]
[2023-08-29 16:02:03]:[INFO]:[SSH to watavdadocm06]
[2023-08-29 16:02:41]:[INFO]:[Remote Admin closing - total run time: 00h 00m 44.778s]
[2023-08-29 16:02:42]:[INFO]:[Configuration file found loading /home/nasvc_orion/scripts/remote_admin/var/conf/ra.nasvc_orion.conf]
[2023-08-29 16:02:42]:[INFO]:[Remote Admin v.2.0 startup completed]
[2023-08-29 16:02:44]:[INFO]:[System Diagnostics Started]
[2023-08-29 16:02:49]:[INFO]:[SSH to watavdadocm06]
[2023-08-29 16:03:39]:[INFO]:[Remote Admin closing - total run time: 00h 00m 56.721s]
[2023-08-29 16:03:39]:[INFO]:[Configuration file found loading /home/nasvc_orion/scripts/remote_admin/var/conf/ra.nasvc_orion.conf]
[2023-08-29 16:03:39]:[INFO]:[Remote Admin v.2.0 startup completed]
[2023-08-29 16:03:53]:[INFO]:[System Diagnostics Started]
[2023-08-29 16:04:01]:[INFO]:[SSH to watavdadocm06]
[2023-08-29 16:04:01]:[INFO]:[Shell into multiple hosts]
[2023-08-29 16:04:09]:[INFO]:[SSH to watavdadocm06]
[2023-08-29 16:04:09]:[INFO]:[Shell into multiple hosts]
[2023-08-29 16:05:08]:[INFO]:[Remote Admin closing - total run time: 00h 01m 28.968s]
[2023-08-29 16:05:09]:[INFO]:[Configuration file found loading /home/nasvc_orion/scripts/remote_admin/var/conf/ra.nasvc_orion.conf]
[2023-08-29 16:05:09]:[INFO]:[Remote Admin v.2.0 startup completed]
[2023-08-29 16:05:11]:[INFO]:[System Diagnostics Started]
[2023-08-29 16:05:17]:[INFO]:[SSH to watavdadocm06]
[2023-08-29 16:05:17]:[INFO]:[ssh command: ssh -q -o StrictHostKeyChecking=no -o ConnectTimeout=5 -p 22   nasvc_orion@watavdadocm06 ]
[2023-08-29 16:09:25]:[INFO]:[Remote Admin closing - total run time: 00h 04m 16.521s]
[2023-08-29 16:09:26]:[INFO]:[Configuration file found loading /home/nasvc_orion/scripts/remote_admin/var/conf/ra.nasvc_orion.conf]
[2023-08-29 16:09:26]:[INFO]:[Remote Admin v.2.0 startup completed]
[2023-08-29 16:09:28]:[INFO]:[System Diagnostics Started]
[2023-08-29 16:09:36]:[INFO]:[SSH to watavdadocm06]
[2023-08-29 16:09:36]:[INFO]:[ssh command: ssh -q -o StrictHostKeyChecking=no -o ConnectTimeout=5 -p 22 -i   nasvc_orion@watavdadocm06 ]
[2023-08-29 16:09:37]:[INFO]:[SSH to watavdadocm06]
[2023-08-29 16:09:37]:[INFO]:[ssh command: ssh -q -o StrictHostKeyChecking=no -o ConnectTimeout=5 -p 22 -i   nasvc_orion@watavdadocm06 ]
[2023-08-29 16:09:38]:[INFO]:[SSH to watavdadocm06]
[2023-08-29 16:09:38]:[INFO]:[ssh command: ssh -q -o StrictHostKeyChecking=no -o ConnectTimeout=5 -p 22 -i   nasvc_orion@watavdadocm06 ]
[2023-08-29 16:11:06]:[INFO]:[Remote Admin closing - total run time: 00h 01m 39.803s]
[2023-08-29 16:11:17]:[INFO]:[Configuration file found loading /home/nasvc_orion/scripts/remote_admin/var/conf/ra.nasvc_orion.conf]
[2023-08-29 16:11:17]:[INFO]:[Remote Admin v.2.0 startup completed]
[2023-08-29 16:11:20]:[INFO]:[System Diagnostics Started]
[2023-08-29 16:11:33]:[INFO]:[SSH to watavdadocm06]
[2023-08-29 16:11:33]:[INFO]:[ssh command: ssh -q -o StrictHostKeyChecking=no -o ConnectTimeout=5 -p 22 -i   nasvc_orion@watavdadocm06 ]
[2023-08-29 16:12:39]:[INFO]:[Remote Admin closing - total run time: 00h 01m 22.316s]
[2023-08-29 16:12:40]:[INFO]:[Configuration file found loading /home/nasvc_orion/scripts/remote_admin/var/conf/ra.nasvc_orion.conf]
[2023-08-29 16:12:40]:[INFO]:[Remote Admin v.2.0 startup completed]
[2023-08-29 16:12:42]:[INFO]:[Configuration file found loading /home/nasvc_orion/scripts/remote_admin/var/conf/ra.nasvc_orion.conf]
[2023-08-29 16:12:42]:[INFO]:[Remote Admin v.2.0 startup completed]
[2023-08-29 16:12:44]:[INFO]:[System Diagnostics Started]
[2023-08-29 16:12:53]:[INFO]:[SSH to watavdadocm06]
[2023-08-29 16:12:53]:[INFO]:[ssh command: ssh -q -o StrictHostKeyChecking=no -o ConnectTimeout=5 -p 22 -i nasvc_orion  nasvc_orion@watavdadocm06 ]
[2023-08-29 16:13:23]:[INFO]:[Remote Admin closing - total run time: 00h 00m 41.669s]
[2023-08-29 16:13:25]:[INFO]:[Configuration file found loading /home/nasvc_orion/scripts/remote_admin/var/conf/ra.nasvc_orion.conf]
[2023-08-29 16:13:25]:[INFO]:[Remote Admin v.2.0 startup completed]
[2023-08-29 16:13:26]:[INFO]:[System Diagnostics Started]
[2023-08-29 16:13:33]:[INFO]:[SSH to watavdadocm06]
[2023-08-29 16:13:33]:[INFO]:[ssh command: ssh -q -o StrictHostKeyChecking=no -o ConnectTimeout=5 -p 22 -i /home/nasvc_orion/.ssh/nasvc_orion  nasvc_orion@watavdadocm06 ]
[2023-08-29 16:14:12]:[INFO]:[Remote Admin closing - total run time: 00h 00m 47.470s]
[2023-08-29 16:14:13]:[INFO]:[Configuration file found loading /home/nasvc_orion/scripts/remote_admin/var/conf/ra.nasvc_orion.conf]
[2023-08-29 16:14:13]:[INFO]:[Remote Admin v.2.0 startup completed]
[2023-08-29 16:14:14]:[INFO]:[System Diagnostics Started]
[2023-08-29 16:14:21]:[INFO]:[SSH to watavdadocm06]
[2023-08-29 16:14:21]:[INFO]:[ssh command: ssh -q -o StrictHostKeyChecking=no -o ConnectTimeout=5 -p 22 -i /home/nasvc_orion/.ssh/nasvc_orion  nasvc_orion@watavdadocm06 ]
[2023-08-29 16:14:24]:[INFO]:[Remote Admin closing - total run time: 00h 00m 10.926s]
[2023-08-29 18:08:49]:[INFO]:[Configuration file found loading /home/nasvc_orion/scripts/remote_admin/var/conf/ra.nasvc_orion.conf]
[2023-08-29 18:08:49]:[INFO]:[Remote Admin v.2.0 startup completed]
[2023-08-29 18:08:51]:[INFO]:[System Diagnostics Started]
[2023-08-29 18:08:56]:[INFO]:[SSH to dfghnjfdxgj.fds]
[2023-08-29 18:08:56]:[INFO]:[ssh to dfghnjfdxgj.fds failed with no connection]
[2023-08-29 18:09:00]:[INFO]:[SSH to dfghnjfdxgj.fds]
[2023-08-29 18:09:00]:[INFO]:[ssh to dfghnjfdxgj.fds failed with no connection]
[2023-08-29 18:09:01]:[INFO]:[SSH to dfghnjfdxgj.fds]
[2023-08-29 18:09:01]:[INFO]:[ssh to dfghnjfdxgj.fds failed with no connection]
[2023-08-29 18:09:02]:[INFO]:[SSH to dfghnjfdxgj.fds]
[2023-08-29 18:09:02]:[INFO]:[ssh to dfghnjfdxgj.fds failed with no connection]
[2023-08-29 18:09:03]:[INFO]:[SSH to dfghnjfdxgj.fds]
[2023-08-29 18:09:03]:[INFO]:[ssh to dfghnjfdxgj.fds failed with no connection]
[2023-08-29 18:12:01]:[INFO]:[Remote Admin closing - total run time: 00h 03m 11.656s]
[2023-08-29 18:12:02]:[INFO]:[Configuration file found loading /home/nasvc_orion/scripts/remote_admin/var/conf/ra.nasvc_orion.conf]
[2023-08-29 18:12:02]:[INFO]:[Remote Admin v.2.0 startup completed]
[2023-08-29 18:12:03]:[INFO]:[System Diagnostics Started]
[2023-08-29 18:12:06]:[INFO]:[SSH to dfshdfhg]
[2023-08-29 18:12:06]:[INFO]:[ssh to dfshdfhg failed with no connection]
[2023-08-29 18:13:39]:[INFO]:[Remote Admin closing - total run time: 00h 01m 37.394s]
[2023-08-29 18:13:40]:[INFO]:[Configuration file found loading /home/nasvc_orion/scripts/remote_admin/var/conf/ra.nasvc_orion.conf]
[2023-08-29 18:13:40]:[INFO]:[Remote Admin v.2.0 startup completed]
[2023-08-29 18:13:41]:[INFO]:[System Diagnostics Started]
[2023-08-29 18:13:43]:[INFO]:[SSH to zrsdfgdfhgdh]
[2023-08-29 18:13:43]:[INFO]:[ssh to zrsdfgdfhgdh failed with no connection]
[2023-08-29 18:14:45]:[INFO]:[Remote Admin closing - total run time: 00h 01m 05.690s]
[2023-08-29 18:14:46]:[INFO]:[Configuration file found loading /home/nasvc_orion/scripts/remote_admin/var/conf/ra.nasvc_orion.conf]
[2023-08-29 18:14:46]:[INFO]:[Remote Admin v.2.0 startup completed]
[2023-08-29 18:14:48]:[INFO]:[System Diagnostics Started]
[2023-08-29 18:14:50]:[INFO]:[SSH to dhdhdeh]
[2023-08-29 18:14:50]:[INFO]:[ssh to dhdhdeh failed with no connection]
[2023-08-29 18:14:59]:[INFO]:[System Diagnostics Started]
[2023-08-29 18:15:03]:[INFO]:[SSH to gthsdedt]
[2023-08-29 18:15:03]:[INFO]:[ssh to gthsdedt failed with no connection]
[2023-08-29 18:15:40]:[INFO]:[System Diagnostics Started]
[2023-08-29 18:15:50]:[INFO]:[SSH to watavdadocm06]
[2023-08-29 18:16:48]:[INFO]:[Remote Admin closing - total run time: 00h 02m 01.840s]
[2023-08-29 18:16:48]:[INFO]:[Configuration file found loading /home/nasvc_orion/scripts/remote_admin/var/conf/ra.nasvc_orion.conf]
[2023-08-29 18:16:48]:[INFO]:[Remote Admin v.2.0 startup completed]
[2023-08-29 18:16:53]:[INFO]:[System Diagnostics Started]
[2023-08-29 18:17:10]:[INFO]:[Configuration file found loading /home/nasvc_orion/scripts/remote_admin/var/conf/ra.nasvc_orion.conf]
[2023-08-29 18:17:10]:[INFO]:[Remote Admin v.2.0 startup completed]
[2023-08-29 18:17:11]:[INFO]:[System Diagnostics Started]
[2023-08-29 18:19:52]:[INFO]:[Remote Admin closing - total run time: 00h 02m 41.982s]
[2023-08-29 18:22:37]:[INFO]:[Configuration file found loading /home/nasvc_orion/scripts/remote_admin/var/conf/ra.nasvc_orion.conf]
[2023-08-29 18:22:37]:[INFO]:[Remote Admin v.2.0 startup completed]
[2023-08-29 18:23:00]:[INFO]:[System Diagnostics Started]
[2023-08-29 18:23:07]:[INFO]:[SSH to dztrhdj]
[2023-08-29 18:23:07]:[INFO]:[ssh to dztrhdj failed with no connection]
[2023-08-29 18:23:15]:[INFO]:[Remote Admin closing - total run time: 00h 00m 38.024s]
[2023-08-29 18:33:32]:[INFO]:[Configuration file found loading /home/nasvc_orion/scripts/remote_admin/var/conf/ra.nasvc_orion.conf]
[2023-08-29 18:33:32]:[INFO]:[Remote Admin v.2.0 startup completed]
[2023-08-29 18:33:56]:[INFO]:[System Diagnostics Started]
[2023-08-29 18:34:24]:[INFO]:[SSH to wataviadocm04]
[2023-08-29 18:34:32]:[INFO]:[System Diagnostics Started]
[2023-08-29 18:34:41]:[INFO]:[SSH to ertadyhsdesdyhudhtu]
[2023-08-29 18:34:41]:[INFO]:[ssh to ertadyhsdesdyhudhtu failed with no connection]
[2023-08-29 18:34:59]:[INFO]:[System Diagnostics Started]
[2023-08-29 18:35:22]:[INFO]:[SSH to wataviadocm04]
[2023-08-29 18:38:06]:[INFO]:[Configuration file found loading /home/nasvc_orion/scripts/remote_admin/var/conf/ra.nasvc_orion.conf]
[2023-08-29 18:38:08]:[INFO]:[Configuration file found loading /home/nasvc_orion/scripts/remote_admin/var/conf/ra.nasvc_orion.conf]
[2023-08-29 18:38:08]:[INFO]:[Remote Admin v.2.0 startup completed]
[2023-08-29 18:38:37]:[INFO]:[Username was changed to sabrownj24]
[2023-08-29 18:38:37]:[INFO]:[Saved configuration file /home/nasvc_orion/scripts/remote_admin/var/conf/ra.nasvc_orion.conf]
[2023-08-29 18:38:46]:[INFO]:[Configuration file found loading /home/nasvc_orion/scripts/remote_admin/var/conf/ra.nasvc_orion.conf]
[2023-08-29 18:38:50]:[INFO]:[Configuration file found loading /home/nasvc_orion/scripts/remote_admin/var/conf/ra.nasvc_orion.conf]
[2023-08-29 18:38:57]:[INFO]:[Username was changed to nasvc_orion]
[2023-08-29 18:39:09]:[INFO]:[Configuration file found loading /home/nasvc_orion/scripts/remote_admin/var/conf/ra.nasvc_orion.conf]
[2023-08-29 18:39:33]:[INFO]:[Identity file was changed from nasvc_orion to ]
