[2023-08-26 07:38:48]:[DEBUG]:[Log level assigned to debug]
[2023-08-26 07:38:48]:[INFO]:[Configuration file found loading /home/administrator/scripts/remote_admin/var/conf/ra.administrator.conf]
[2023-08-26 07:38:48]:[DEBUG]:[Remote Admin v.2.0 configuration file loaded from /home/administrator/scripts/remote_admin/var/conf/ra.administrator.conf]
[2023-08-26 07:38:48]:[DEBUG]:[Remote Admin is located in /home/administrator/scripts/remote_admin and started at 1693049928.060]
[2023-08-26 07:38:48]:[DEBUG]:[Remote Admin is reporting 13 lines and 302 columns]
[2023-08-26 07:38:48]:[INFO]:[Remote Admin v.2.0 startup completed]
[2023-08-26 07:38:48]:[INFO]:[Remote Admin closing - total run time: 00:00:00.010]
[2023-08-26 07:38:48]:[DEBUG]:[Unsetting used variables]
[2023-08-26 07:38:48]:[DEBUG]:[Unsetting Logging System]
[2023-08-26 07:40:58]:[DEBUG]:[Log level assigned to debug]
[2023-08-26 07:40:58]:[INFO]:[Configuration file found loading /home/administrator/scripts/remote_admin/var/conf/ra.administrator.conf]
[2023-08-26 07:40:58]:[DEBUG]:[Remote Admin v.2.0 configuration file loaded from /home/administrator/scripts/remote_admin/var/conf/ra.administrator.conf]
[2023-08-26 07:40:58]:[DEBUG]:[Remote Admin is located in /home/administrator/scripts/remote_admin and started at 1693050058.277]
[2023-08-26 07:40:58]:[DEBUG]:[Remote Admin is reporting 13 lines and 302 columns]
[2023-08-26 07:40:58]:[INFO]:[Remote Admin v.2.0 startup completed]
[2023-08-26 07:40:58]:[INFO]:[Remote Admin closing - total run time: 00:00:00.013]
[2023-08-26 07:40:58]:[DEBUG]:[Unsetting used variables]
[2023-08-26 07:40:58]:[DEBUG]:[Unsetting Logging System]
[2023-08-26 07:43:19]:[DEBUG]:[Log level assigned to debug]
[2023-08-26 07:43:19]:[INFO]:[Configuration file found loading /home/administrator/scripts/remote_admin/var/conf/ra.administrator.conf]
[2023-08-26 07:43:19]:[DEBUG]:[Remote Admin v.2.0 configuration file loaded from /home/administrator/scripts/remote_admin/var/conf/ra.administrator.conf]
[2023-08-26 07:43:19]:[DEBUG]:[Remote Admin is located in /home/administrator/scripts/remote_admin and started at 1693050199.910]
[2023-08-26 07:43:19]:[DEBUG]:[Remote Admin is reporting 13 lines and 302 columns]
[2023-08-26 07:43:19]:[INFO]:[Remote Admin v.2.0 startup completed]
[2023-08-26 07:44:02]:[DEBUG]:[Log level assigned to debug]
[2023-08-26 07:44:02]:[INFO]:[Configuration file found loading /home/administrator/scripts/remote_admin/var/conf/ra.administrator.conf]
[2023-08-26 07:44:02]:[DEBUG]:[Remote Admin v.2.0 configuration file loaded from /home/administrator/scripts/remote_admin/var/conf/ra.administrator.conf]
[2023-08-26 07:44:02]:[DEBUG]:[Remote Admin is located in /home/administrator/scripts/remote_admin and started at 1693050242.223]
[2023-08-26 07:44:02]:[DEBUG]:[Remote Admin is reporting 13 lines and 302 columns]
[2023-08-26 07:44:02]:[INFO]:[Remote Admin v.2.0 startup completed]
[2023-08-26 07:44:13]:[DEBUG]:[Log level assigned to debug]
[2023-08-26 07:44:13]:[INFO]:[Configuration file found loading /home/administrator/scripts/remote_admin/var/conf/ra.administrator.conf]
[2023-08-26 07:44:13]:[DEBUG]:[Remote Admin v.2.0 configuration file loaded from /home/administrator/scripts/remote_admin/var/conf/ra.administrator.conf]
[2023-08-26 07:44:13]:[DEBUG]:[Remote Admin is located in /home/administrator/scripts/remote_admin and started at 1693050253.663]
[2023-08-26 07:44:13]:[DEBUG]:[Remote Admin is reporting 13 lines and 302 columns]
[2023-08-26 07:44:13]:[INFO]:[Remote Admin v.2.0 startup completed]
[2023-08-26 07:44:13]:[INFO]:[Remote Admin closing - total run time: 00:00:00.014]
[2023-08-26 07:44:13]:[DEBUG]:[Unsetting used variables]
[2023-08-26 07:44:13]:[DEBUG]:[Unsetting Logging System]
[2023-08-26 07:46:40]:[DEBUG]:[Log level assigned to debug]
[2023-08-26 07:46:40]:[INFO]:[Configuration file found loading /home/administrator/scripts/remote_admin/var/conf/ra.administrator.conf]
[2023-08-26 07:46:40]:[DEBUG]:[Remote Admin v.2.0 configuration file loaded from /home/administrator/scripts/remote_admin/var/conf/ra.administrator.conf]
[2023-08-26 07:46:40]:[DEBUG]:[Remote Admin is located in /home/administrator/scripts/remote_admin and started at 1693050400.318]
[2023-08-26 07:46:40]:[DEBUG]:[Remote Admin is reporting 13 lines and 302 columns]
[2023-08-26 07:46:40]:[INFO]:[Remote Admin v.2.0 startup completed]
[2023-08-26 07:46:40]:[INFO]:[Remote Admin closing - total run time: 00h 00m 00.012s]
[2023-08-26 07:46:40]:[DEBUG]:[Unsetting used variables]
[2023-08-26 07:46:40]:[DEBUG]:[Unsetting Logging System]
[2023-08-26 09:51:14]:[DEBUG]:[Log level assigned to debug]
[2023-08-26 09:51:14]:[INFO]:[Configuration file found loading /home/administrator/scripts/remote_admin/var/conf/ra.administrator.conf]
[2023-08-26 09:51:14]:[DEBUG]:[Remote Admin v.2.0 configuration file loaded from /home/administrator/scripts/remote_admin/var/conf/ra.administrator.conf]
[2023-08-26 09:51:14]:[DEBUG]:[Remote Admin is located in /home/administrator/scripts/remote_admin and started at 1693057874.970]
[2023-08-26 09:51:14]:[DEBUG]:[Remote Admin is reporting 33 lines and 133 columns]
[2023-08-26 09:51:14]:[INFO]:[Remote Admin v.2.0 startup completed]
[2023-08-26 09:52:05]:[DEBUG]:[Log level assigned to debug]
[2023-08-26 09:52:05]:[INFO]:[Configuration file found loading /home/administrator/scripts/remote_admin/var/conf/ra.administrator.conf]
[2023-08-26 09:52:05]:[DEBUG]:[Remote Admin v.2.0 configuration file loaded from /home/administrator/scripts/remote_admin/var/conf/ra.administrator.conf]
[2023-08-26 09:52:05]:[DEBUG]:[Remote Admin is located in /home/administrator/scripts/remote_admin and started at 1693057925.790]
[2023-08-26 09:52:05]:[DEBUG]:[Remote Admin is reporting 13 lines and 295 columns]
[2023-08-26 09:52:05]:[INFO]:[Remote Admin v.2.0 startup completed]
[2023-08-26 09:55:00]:[DEBUG]:[Log level assigned to debug]
[2023-08-26 09:55:00]:[INFO]:[Configuration file found loading /home/administrator/scripts/remote_admin/var/conf/ra.administrator.conf]
[2023-08-26 09:55:00]:[DEBUG]:[Remote Admin v.2.0 configuration file loaded from /home/administrator/scripts/remote_admin/var/conf/ra.administrator.conf]
[2023-08-26 09:55:00]:[DEBUG]:[Remote Admin is located in /home/administrator/scripts/remote_admin and started at 1693058100.780]
[2023-08-26 09:55:00]:[DEBUG]:[Remote Admin is reporting 33 lines and 133 columns]
[2023-08-26 09:55:00]:[INFO]:[Remote Admin v.2.0 startup completed]
[2023-08-26 09:56:37]:[DEBUG]:[Log level assigned to debug]
[2023-08-26 09:56:37]:[INFO]:[Configuration file found loading /home/administrator/scripts/remote_admin/var/conf/ra.administrator.conf]
[2023-08-26 09:56:37]:[DEBUG]:[Remote Admin v.2.0 configuration file loaded from /home/administrator/scripts/remote_admin/var/conf/ra.administrator.conf]
[2023-08-26 09:56:37]:[DEBUG]:[Remote Admin is located in /home/administrator/scripts/remote_admin and started at 1693058197.381]
[2023-08-26 09:56:37]:[DEBUG]:[Remote Admin is reporting 13 lines and 295 columns]
[2023-08-26 09:56:37]:[INFO]:[Remote Admin v.2.0 startup completed]
[2023-08-26 09:57:40]:[DEBUG]:[Log level assigned to debug]
[2023-08-26 09:57:40]:[INFO]:[Configuration file found loading /home/administrator/scripts/remote_admin/var/conf/ra.administrator.conf]
[2023-08-26 09:57:40]:[DEBUG]:[Remote Admin v.2.0 configuration file loaded from /home/administrator/scripts/remote_admin/var/conf/ra.administrator.conf]
[2023-08-26 09:57:40]:[DEBUG]:[Remote Admin is located in /home/administrator/scripts/remote_admin and started at 1693058260.351]
[2023-08-26 09:57:40]:[DEBUG]:[Remote Admin is reporting 13 lines and 295 columns]
[2023-08-26 09:57:40]:[INFO]:[Remote Admin v.2.0 startup completed]
[2023-08-26 09:58:53]:[DEBUG]:[Log level assigned to debug]
[2023-08-26 09:58:53]:[INFO]:[Configuration file found loading /home/administrator/scripts/remote_admin/var/conf/ra.administrator.conf]
[2023-08-26 09:58:53]:[DEBUG]:[Remote Admin v.2.0 configuration file loaded from /home/administrator/scripts/remote_admin/var/conf/ra.administrator.conf]
[2023-08-26 09:58:53]:[DEBUG]:[Remote Admin is located in /home/administrator/scripts/remote_admin and started at 1693058333.364]
[2023-08-26 09:58:53]:[DEBUG]:[Remote Admin is reporting 13 lines and 295 columns]
[2023-08-26 09:58:53]:[INFO]:[Remote Admin v.2.0 startup completed]
[2023-08-26 10:00:39]:[DEBUG]:[Log level assigned to debug]
[2023-08-26 10:00:39]:[INFO]:[Configuration file found loading /home/administrator/scripts/remote_admin/var/conf/ra.administrator.conf]
[2023-08-26 10:00:39]:[DEBUG]:[Remote Admin v.2.0 configuration file loaded from /home/administrator/scripts/remote_admin/var/conf/ra.administrator.conf]
[2023-08-26 10:00:39]:[DEBUG]:[Remote Admin is located in /home/administrator/scripts/remote_admin and started at 1693058439.041]
[2023-08-26 10:00:39]:[DEBUG]:[Remote Admin is reporting 13 lines and 295 columns]
[2023-08-26 10:00:39]:[INFO]:[Remote Admin v.2.0 startup completed]
[2023-08-26 10:00:54]:[DEBUG]:[Log level assigned to debug]
[2023-08-26 10:00:54]:[INFO]:[Configuration file found loading /home/administrator/scripts/remote_admin/var/conf/ra.administrator.conf]
[2023-08-26 10:00:54]:[DEBUG]:[Remote Admin v.2.0 configuration file loaded from /home/administrator/scripts/remote_admin/var/conf/ra.administrator.conf]
[2023-08-26 10:00:54]:[DEBUG]:[Remote Admin is located in /home/administrator/scripts/remote_admin and started at 1693058454.862]
[2023-08-26 10:00:54]:[DEBUG]:[Remote Admin is reporting 33 lines and 133 columns]
[2023-08-26 10:00:54]:[INFO]:[Remote Admin v.2.0 startup completed]
[2023-08-26 10:02:17]:[DEBUG]:[Log level assigned to debug]
[2023-08-26 10:02:17]:[INFO]:[Configuration file found loading /home/administrator/scripts/remote_admin/var/conf/ra.administrator.conf]
[2023-08-26 10:02:17]:[DEBUG]:[Remote Admin v.2.0 configuration file loaded from /home/administrator/scripts/remote_admin/var/conf/ra.administrator.conf]
[2023-08-26 10:02:17]:[DEBUG]:[Remote Admin is located in /home/administrator/scripts/remote_admin and started at 1693058537.131]
[2023-08-26 10:02:17]:[DEBUG]:[Remote Admin is reporting 33 lines and 133 columns]
[2023-08-26 10:02:17]:[INFO]:[Remote Admin v.2.0 startup completed]
[2023-08-26 10:02:27]:[DEBUG]:[Log level assigned to debug]
[2023-08-26 10:02:27]:[INFO]:[Configuration file found loading /home/administrator/scripts/remote_admin/var/conf/ra.administrator.conf]
[2023-08-26 10:02:27]:[DEBUG]:[Remote Admin v.2.0 configuration file loaded from /home/administrator/scripts/remote_admin/var/conf/ra.administrator.conf]
[2023-08-26 10:02:27]:[DEBUG]:[Remote Admin is located in /home/administrator/scripts/remote_admin and started at 1693058547.207]
[2023-08-26 10:02:27]:[DEBUG]:[Remote Admin is reporting 33 lines and 133 columns]
[2023-08-26 10:02:27]:[INFO]:[Remote Admin v.2.0 startup completed]
[2023-08-26 10:02:53]:[DEBUG]:[Log level assigned to debug]
[2023-08-26 10:02:53]:[INFO]:[Configuration file found loading /home/administrator/scripts/remote_admin/var/conf/ra.administrator.conf]
[2023-08-26 10:02:53]:[DEBUG]:[Remote Admin v.2.0 configuration file loaded from /home/administrator/scripts/remote_admin/var/conf/ra.administrator.conf]
[2023-08-26 10:02:53]:[DEBUG]:[Remote Admin is located in /home/administrator/scripts/remote_admin and started at 1693058573.922]
[2023-08-26 10:02:53]:[DEBUG]:[Remote Admin is reporting 13 lines and 295 columns]
[2023-08-26 10:02:53]:[INFO]:[Remote Admin v.2.0 startup completed]
[2023-08-26 10:03:11]:[DEBUG]:[Log level assigned to debug]
[2023-08-26 10:03:11]:[INFO]:[Configuration file found loading /home/administrator/scripts/remote_admin/var/conf/ra.administrator.conf]
[2023-08-26 10:03:11]:[DEBUG]:[Remote Admin v.2.0 configuration file loaded from /home/administrator/scripts/remote_admin/var/conf/ra.administrator.conf]
[2023-08-26 10:03:11]:[DEBUG]:[Remote Admin is located in /home/administrator/scripts/remote_admin and started at 1693058591.587]
[2023-08-26 10:03:11]:[DEBUG]:[Remote Admin is reporting 13 lines and 295 columns]
[2023-08-26 10:03:11]:[INFO]:[Remote Admin v.2.0 startup completed]
[2023-08-26 10:03:19]:[DEBUG]:[Log level assigned to debug]
[2023-08-26 10:03:19]:[INFO]:[Configuration file found loading /home/administrator/scripts/remote_admin/var/conf/ra.administrator.conf]
[2023-08-26 10:03:19]:[DEBUG]:[Remote Admin v.2.0 configuration file loaded from /home/administrator/scripts/remote_admin/var/conf/ra.administrator.conf]
[2023-08-26 10:03:19]:[DEBUG]:[Remote Admin is located in /home/administrator/scripts/remote_admin and started at 1693058599.649]
[2023-08-26 10:03:19]:[DEBUG]:[Remote Admin is reporting 13 lines and 295 columns]
[2023-08-26 10:03:19]:[INFO]:[Remote Admin v.2.0 startup completed]
[2023-08-26 10:03:22]:[DEBUG]:[Log level assigned to debug]
[2023-08-26 10:03:22]:[INFO]:[Configuration file found loading /home/administrator/scripts/remote_admin/var/conf/ra.administrator.conf]
[2023-08-26 10:03:22]:[DEBUG]:[Remote Admin v.2.0 configuration file loaded from /home/administrator/scripts/remote_admin/var/conf/ra.administrator.conf]
[2023-08-26 10:03:22]:[DEBUG]:[Remote Admin is located in /home/administrator/scripts/remote_admin and started at 1693058602.649]
[2023-08-26 10:03:22]:[DEBUG]:[Remote Admin is reporting 13 lines and 295 columns]
[2023-08-26 10:03:22]:[INFO]:[Remote Admin v.2.0 startup completed]
[2023-08-26 10:03:52]:[DEBUG]:[Log level assigned to debug]
[2023-08-26 10:03:52]:[INFO]:[Configuration file found loading /home/administrator/scripts/remote_admin/var/conf/ra.administrator.conf]
[2023-08-26 10:03:52]:[DEBUG]:[Remote Admin v.2.0 configuration file loaded from /home/administrator/scripts/remote_admin/var/conf/ra.administrator.conf]
[2023-08-26 10:03:52]:[DEBUG]:[Remote Admin is located in /home/administrator/scripts/remote_admin and started at 1693058632.936]
[2023-08-26 10:03:52]:[DEBUG]:[Remote Admin is reporting 13 lines and 295 columns]
[2023-08-26 10:03:52]:[INFO]:[Remote Admin v.2.0 startup completed]
[2023-08-26 13:50:34]:[DEBUG]:[Log level assigned to debug]
[2023-08-26 13:50:34]:[INFO]:[Configuration file found loading /home/administrator/scripts/remote_admin/var/conf/ra.administrator.conf]
[2023-08-26 13:50:34]:[DEBUG]:[Remote Admin v.2.0 configuration file loaded from /home/administrator/scripts/remote_admin/var/conf/ra.administrator.conf]
[2023-08-26 13:50:34]:[DEBUG]:[Remote Admin is located in /home/administrator/scripts/remote_admin and started at 1693072234.853]
[2023-08-26 13:50:34]:[DEBUG]:[Remote Admin is reporting 33 lines and 133 columns]
[2023-08-26 13:50:34]:[INFO]:[Remote Admin v.2.0 startup completed]
[2023-08-26 13:50:35]:[INFO]:[Remote Admin closing - total run time: 00h 00m 00.300s]
[2023-08-26 13:50:35]:[DEBUG]:[Unsetting used variables]
[2023-08-26 13:50:42]:[DEBUG]:[Log level assigned to debug]
[2023-08-26 13:50:42]:[INFO]:[Configuration file found loading /home/administrator/scripts/remote_admin/var/conf/ra.administrator.conf]
[2023-08-26 13:50:42]:[DEBUG]:[Remote Admin v.2.0 configuration file loaded from /home/administrator/scripts/remote_admin/var/conf/ra.administrator.conf]
[2023-08-26 13:50:42]:[DEBUG]:[Remote Admin is located in /home/administrator/scripts/remote_admin and started at 1693072242.728]
[2023-08-26 13:50:42]:[DEBUG]:[Remote Admin is reporting 33 lines and 133 columns]
[2023-08-26 13:50:42]:[INFO]:[Remote Admin v.2.0 startup completed]
[2023-08-26 13:50:42]:[INFO]:[Remote Admin closing - total run time: 00h 00m 00.025s]
[2023-08-26 13:50:42]:[DEBUG]:[Unsetting used variables]
[2023-08-26 13:58:35]:[DEBUG]:[Log level assigned to debug]
[2023-08-26 13:58:35]:[INFO]:[Configuration file found loading /home/administrator/scripts/remote_admin/var/conf/ra.administrator.conf]
[2023-08-26 13:58:35]:[DEBUG]:[Remote Admin v.2.0 configuration file loaded from /home/administrator/scripts/remote_admin/var/conf/ra.administrator.conf]
[2023-08-26 13:58:35]:[DEBUG]:[Remote Admin is located in /home/administrator/scripts/remote_admin and started at 1693072715.196]
[2023-08-26 13:58:35]:[DEBUG]:[Remote Admin is reporting 33 lines and 133 columns]
[2023-08-26 13:58:35]:[INFO]:[Remote Admin v.2.0 startup completed]
[2023-08-26 13:58:35]:[INFO]:[Remote Admin closing - total run time: 00h 00m 00.048s]
[2023-08-26 13:58:35]:[DEBUG]:[Unsetting used variables]
[2023-08-26 13:58:40]:[DEBUG]:[Log level assigned to debug]
[2023-08-26 13:58:40]:[INFO]:[Configuration file found loading /home/administrator/scripts/remote_admin/var/conf/ra.administrator.conf]
[2023-08-26 13:58:40]:[DEBUG]:[Remote Admin v.2.0 configuration file loaded from /home/administrator/scripts/remote_admin/var/conf/ra.administrator.conf]
[2023-08-26 13:58:40]:[DEBUG]:[Remote Admin is located in /home/administrator/scripts/remote_admin and started at 1693072720.868]
[2023-08-26 13:58:40]:[DEBUG]:[Remote Admin is reporting 33 lines and 133 columns]
[2023-08-26 13:58:40]:[INFO]:[Remote Admin v.2.0 startup completed]
[2023-08-26 13:58:40]:[INFO]:[Remote Admin closing - total run time: 00h 00m 00.026s]
[2023-08-26 13:58:40]:[DEBUG]:[Unsetting used variables]
[2023-08-26 13:59:51]:[DEBUG]:[Log level assigned to debug]
[2023-08-26 13:59:51]:[INFO]:[Configuration file found loading /home/administrator/scripts/remote_admin/var/conf/ra.administrator.conf]
[2023-08-26 13:59:51]:[DEBUG]:[Remote Admin v.2.0 configuration file loaded from /home/administrator/scripts/remote_admin/var/conf/ra.administrator.conf]
[2023-08-26 13:59:51]:[DEBUG]:[Remote Admin is located in /home/administrator/scripts/remote_admin and started at 1693072791.413]
[2023-08-26 13:59:51]:[DEBUG]:[Remote Admin is reporting 33 lines and 133 columns]
[2023-08-26 13:59:51]:[INFO]:[Remote Admin v.2.0 startup completed]
[2023-08-26 13:59:57]:[INFO]:[Remote Admin closing - total run time: 00h 00m 06.471s]
[2023-08-26 13:59:57]:[DEBUG]:[Unsetting used variables]
[2023-08-26 14:00:09]:[DEBUG]:[Log level assigned to debug]
[2023-08-26 14:00:09]:[INFO]:[Configuration file found loading /home/administrator/scripts/remote_admin/var/conf/ra.administrator.conf]
[2023-08-26 14:00:09]:[DEBUG]:[Remote Admin v.2.0 configuration file loaded from /home/administrator/scripts/remote_admin/var/conf/ra.administrator.conf]
[2023-08-26 14:00:09]:[DEBUG]:[Remote Admin is located in /home/administrator/scripts/remote_admin and started at 1693072809.541]
[2023-08-26 14:00:09]:[DEBUG]:[Remote Admin is reporting 33 lines and 133 columns]
[2023-08-26 14:00:09]:[INFO]:[Remote Admin v.2.0 startup completed]
[2023-08-26 14:00:17]:[INFO]:[Remote Admin closing - total run time: 00h 00m 08.248s]
[2023-08-26 14:00:17]:[DEBUG]:[Unsetting used variables]
[2023-08-26 14:00:27]:[DEBUG]:[Log level assigned to debug]
[2023-08-26 14:00:27]:[INFO]:[Configuration file found loading /home/administrator/scripts/remote_admin/var/conf/ra.administrator.conf]
[2023-08-26 14:00:27]:[DEBUG]:[Remote Admin v.2.0 configuration file loaded from /home/administrator/scripts/remote_admin/var/conf/ra.administrator.conf]
[2023-08-26 14:00:27]:[DEBUG]:[Remote Admin is located in /home/administrator/scripts/remote_admin and started at 1693072827.973]
[2023-08-26 14:00:27]:[DEBUG]:[Remote Admin is reporting 33 lines and 133 columns]
[2023-08-26 14:00:27]:[INFO]:[Remote Admin v.2.0 startup completed]
[2023-08-26 14:00:30]:[INFO]:[Remote Admin closing - total run time: 00h 00m 02.640s]
[2023-08-26 14:00:30]:[DEBUG]:[Unsetting used variables]
[2023-08-26 14:00:48]:[DEBUG]:[Log level assigned to debug]
[2023-08-26 14:00:48]:[INFO]:[Configuration file found loading /home/administrator/scripts/remote_admin/var/conf/ra.administrator.conf]
[2023-08-26 14:00:48]:[DEBUG]:[Remote Admin v.2.0 configuration file loaded from /home/administrator/scripts/remote_admin/var/conf/ra.administrator.conf]
[2023-08-26 14:00:48]:[DEBUG]:[Remote Admin is located in /home/administrator/scripts/remote_admin and started at 1693072848.559]
[2023-08-26 14:00:48]:[DEBUG]:[Remote Admin is reporting 33 lines and 133 columns]
[2023-08-26 14:00:48]:[INFO]:[Remote Admin v.2.0 startup completed]
[2023-08-26 14:01:11]:[DEBUG]:[Log level assigned to debug]
[2023-08-26 14:01:11]:[INFO]:[Configuration file found loading /home/administrator/scripts/remote_admin/var/conf/ra.administrator.conf]
[2023-08-26 14:01:11]:[DEBUG]:[Remote Admin v.2.0 configuration file loaded from /home/administrator/scripts/remote_admin/var/conf/ra.administrator.conf]
[2023-08-26 14:01:11]:[DEBUG]:[Remote Admin is located in /home/administrator/scripts/remote_admin and started at 1693072871.270]
[2023-08-26 14:01:11]:[DEBUG]:[Remote Admin is reporting 33 lines and 133 columns]
[2023-08-26 14:01:11]:[INFO]:[Remote Admin v.2.0 startup completed]
[2023-08-26 14:01:25]:[INFO]:[Remote Admin closing - total run time: 00h 00m 14.208s]
[2023-08-26 14:01:25]:[DEBUG]:[Unsetting used variables]
[2023-08-26 14:04:21]:[DEBUG]:[Log level assigned to debug]
[2023-08-26 14:04:21]:[INFO]:[Configuration file found loading /home/administrator/scripts/remote_admin/var/conf/ra.administrator.conf]
[2023-08-26 14:04:21]:[DEBUG]:[Remote Admin v.2.0 configuration file loaded from /home/administrator/scripts/remote_admin/var/conf/ra.administrator.conf]
[2023-08-26 14:04:21]:[DEBUG]:[Remote Admin is located in /home/administrator/scripts/remote_admin and started at 1693073061.214]
[2023-08-26 14:04:21]:[DEBUG]:[Remote Admin is reporting 33 lines and 133 columns]
[2023-08-26 14:04:21]:[INFO]:[Remote Admin v.2.0 startup completed]
[2023-08-26 14:06:26]:[DEBUG]:[Log level assigned to debug]
[2023-08-26 14:06:26]:[INFO]:[Configuration file found loading /home/administrator/scripts/remote_admin/var/conf/ra.administrator.conf]
[2023-08-26 14:06:26]:[DEBUG]:[Remote Admin v.2.0 configuration file loaded from /home/administrator/scripts/remote_admin/var/conf/ra.administrator.conf]
[2023-08-26 14:06:26]:[DEBUG]:[Remote Admin is located in /home/administrator/scripts/remote_admin and started at 1693073186.311]
[2023-08-26 14:06:26]:[DEBUG]:[Remote Admin is reporting 33 lines and 133 columns]
[2023-08-26 14:06:26]:[INFO]:[Remote Admin v.2.0 startup completed]
[2023-08-26 14:08:02]:[DEBUG]:[Log level assigned to debug]
[2023-08-26 14:08:02]:[INFO]:[Configuration file found loading /home/administrator/scripts/remote_admin/var/conf/ra.administrator.conf]
[2023-08-26 14:08:02]:[DEBUG]:[Remote Admin v.2.0 configuration file loaded from /home/administrator/scripts/remote_admin/var/conf/ra.administrator.conf]
[2023-08-26 14:08:02]:[DEBUG]:[Remote Admin is located in /home/administrator/scripts/remote_admin and started at 1693073282.199]
[2023-08-26 14:08:02]:[DEBUG]:[Remote Admin is reporting 33 lines and 133 columns]
[2023-08-26 14:08:02]:[INFO]:[Remote Admin v.2.0 startup completed]
[2023-08-26 14:08:35]:[DEBUG]:[Log level assigned to debug]
[2023-08-26 14:08:35]:[INFO]:[Configuration file found loading /home/administrator/scripts/remote_admin/var/conf/ra.administrator.conf]
[2023-08-26 14:08:35]:[DEBUG]:[Remote Admin v.2.0 configuration file loaded from /home/administrator/scripts/remote_admin/var/conf/ra.administrator.conf]
[2023-08-26 14:08:35]:[DEBUG]:[Remote Admin is located in /home/administrator/scripts/remote_admin and started at 1693073315.745]
[2023-08-26 14:08:35]:[DEBUG]:[Remote Admin is reporting 33 lines and 133 columns]
[2023-08-26 14:08:35]:[INFO]:[Remote Admin v.2.0 startup completed]
[2023-08-26 14:08:39]:[DEBUG]:["Select Host" was selected]
[2023-08-26 14:08:40]:[DEBUG]:[Log level assigned to debug]
[2023-08-26 14:08:40]:[INFO]:[Configuration file found loading /home/administrator/scripts/remote_admin/var/conf/ra.administrator.conf]
[2023-08-26 14:08:40]:[DEBUG]:[Remote Admin v.2.0 configuration file loaded from /home/administrator/scripts/remote_admin/var/conf/ra.administrator.conf]
[2023-08-26 14:08:40]:[DEBUG]:[Remote Admin is located in /home/administrator/scripts/remote_admin and started at 1693073320.906]
[2023-08-26 14:08:40]:[DEBUG]:[Remote Admin is reporting 33 lines and 133 columns]
[2023-08-26 14:08:40]:[INFO]:[Remote Admin v.2.0 startup completed]
[2023-08-26 14:08:41]:[DEBUG]:["Health Check" was selected]
[2023-08-26 14:08:42]:[DEBUG]:[Log level assigned to debug]
[2023-08-26 14:08:42]:[INFO]:[Configuration file found loading /home/administrator/scripts/remote_admin/var/conf/ra.administrator.conf]
[2023-08-26 14:08:42]:[DEBUG]:[Remote Admin v.2.0 configuration file loaded from /home/administrator/scripts/remote_admin/var/conf/ra.administrator.conf]
[2023-08-26 14:08:42]:[DEBUG]:[Remote Admin is located in /home/administrator/scripts/remote_admin and started at 1693073322.793]
[2023-08-26 14:08:42]:[DEBUG]:[Remote Admin is reporting 33 lines and 133 columns]
[2023-08-26 14:08:42]:[INFO]:[Remote Admin v.2.0 startup completed]
[2023-08-26 14:08:44]:[DEBUG]:["Interactive Config" was selected]
[2023-08-26 14:08:45]:[DEBUG]:[Log level assigned to debug]
[2023-08-26 14:08:45]:[INFO]:[Configuration file found loading /home/administrator/scripts/remote_admin/var/conf/ra.administrator.conf]
[2023-08-26 14:08:45]:[DEBUG]:[Remote Admin v.2.0 configuration file loaded from /home/administrator/scripts/remote_admin/var/conf/ra.administrator.conf]
[2023-08-26 14:08:45]:[DEBUG]:[Remote Admin is located in /home/administrator/scripts/remote_admin and started at 1693073325.976]
[2023-08-26 14:08:45]:[DEBUG]:[Remote Admin is reporting 33 lines and 133 columns]
[2023-08-26 14:08:45]:[INFO]:[Remote Admin v.2.0 startup completed]
[2023-08-26 14:08:48]:[DEBUG]:["Edit Config" was selected]
[2023-08-26 14:08:51]:[DEBUG]:[Log level assigned to debug]
[2023-08-26 14:08:51]:[INFO]:[Configuration file found loading /home/administrator/scripts/remote_admin/var/conf/ra.administrator.conf]
[2023-08-26 14:08:54]:[DEBUG]:["Edit SSH Config" was selected]
[2023-08-26 14:08:55]:[DEBUG]:[Log level assigned to debug]
[2023-08-26 14:08:55]:[INFO]:[Configuration file found loading /home/administrator/scripts/remote_admin/var/conf/ra.administrator.conf]
[2023-08-26 14:08:57]:[DEBUG]:["Change Identity" was selected]
[2023-08-26 14:09:01]:[INFO]:[Identity file was changed from  to ]
[2023-08-26 14:24:28]:[DEBUG]:[Log level assigned to debug]
[2023-08-26 14:24:28]:[INFO]:[Configuration file found loading /home/administrator/scripts/remote_admin/var/conf/ra.administrator.conf]
[2023-08-26 14:24:28]:[DEBUG]:[Remote Admin v.2.0 configuration file loaded from /home/administrator/scripts/remote_admin/var/conf/ra.administrator.conf]
[2023-08-26 14:24:28]:[DEBUG]:[Remote Admin is located in /home/administrator/scripts/remote_admin and started at 1693074268.574]
[2023-08-26 14:24:28]:[DEBUG]:[Remote Admin is reporting 33 lines and 133 columns]
[2023-08-26 14:24:28]:[INFO]:[Remote Admin v.2.0 startup completed]
[2023-08-26 14:32:42]:[DEBUG]:[Log level assigned to debug]
[2023-08-26 14:32:42]:[INFO]:[Configuration file found loading /home/administrator/scripts/remote_admin/var/conf/ra.administrator.conf]
[2023-08-26 14:32:42]:[DEBUG]:[Remote Admin v.2.0 configuration file loaded from /home/administrator/scripts/remote_admin/var/conf/ra.administrator.conf]
[2023-08-26 14:32:42]:[DEBUG]:[Remote Admin is located in /home/administrator/scripts/remote_admin and started at 1693074762.314]
[2023-08-26 14:32:42]:[DEBUG]:[Remote Admin is reporting 33 lines and 133 columns]
[2023-08-26 14:32:42]:[INFO]:[Remote Admin v.2.0 startup completed]
[2023-08-26 14:33:34]:[DEBUG]:[Log level assigned to debug]
[2023-08-26 14:33:34]:[INFO]:[Configuration file found loading /home/administrator/scripts/remote_admin/var/conf/ra.administrator.conf]
[2023-08-26 14:33:34]:[DEBUG]:[Remote Admin v.2.0 configuration file loaded from /home/administrator/scripts/remote_admin/var/conf/ra.administrator.conf]
[2023-08-26 14:33:34]:[DEBUG]:[Remote Admin is located in /home/administrator/scripts/remote_admin and started at 1693074814.049]
[2023-08-26 14:33:34]:[DEBUG]:[Remote Admin is reporting 33 lines and 133 columns]
[2023-08-26 14:33:34]:[INFO]:[Remote Admin v.2.0 startup completed]
[2023-08-26 14:35:30]:[DEBUG]:[Log level assigned to debug]
[2023-08-26 14:35:30]:[INFO]:[Configuration file found loading /home/administrator/scripts/remote_admin/var/conf/ra.administrator.conf]
[2023-08-26 14:35:30]:[DEBUG]:[Remote Admin v.2.0 configuration file loaded from /home/administrator/scripts/remote_admin/var/conf/ra.administrator.conf]
[2023-08-26 14:35:30]:[DEBUG]:[Remote Admin is located in /home/administrator/scripts/remote_admin and started at 1693074930.563]
[2023-08-26 14:35:30]:[DEBUG]:[Remote Admin is reporting 33 lines and 133 columns]
[2023-08-26 14:35:30]:[INFO]:[Remote Admin v.2.0 startup completed]
[2023-08-26 14:36:47]:[DEBUG]:[Log level assigned to debug]
[2023-08-26 14:36:47]:[INFO]:[Configuration file found loading /home/administrator/scripts/remote_admin/var/conf/ra.administrator.conf]
[2023-08-26 14:36:47]:[DEBUG]:[Remote Admin v.2.0 configuration file loaded from /home/administrator/scripts/remote_admin/var/conf/ra.administrator.conf]
[2023-08-26 14:36:47]:[DEBUG]:[Remote Admin is located in /home/administrator/scripts/remote_admin and started at 1693075007.314]
[2023-08-26 14:36:47]:[DEBUG]:[Remote Admin is reporting 33 lines and 133 columns]
[2023-08-26 14:36:47]:[INFO]:[Remote Admin v.2.0 startup completed]
[2023-08-26 14:37:16]:[DEBUG]:[Log level assigned to debug]
[2023-08-26 14:37:16]:[INFO]:[Configuration file found loading /home/administrator/scripts/remote_admin/var/conf/ra.administrator.conf]
[2023-08-26 14:37:16]:[DEBUG]:[Remote Admin v.2.0 configuration file loaded from /home/administrator/scripts/remote_admin/var/conf/ra.administrator.conf]
[2023-08-26 14:37:16]:[DEBUG]:[Remote Admin is located in /home/administrator/scripts/remote_admin and started at 1693075036.115]
[2023-08-26 14:37:16]:[DEBUG]:[Remote Admin is reporting 33 lines and 133 columns]
[2023-08-26 14:37:16]:[INFO]:[Remote Admin v.2.0 startup completed]
[2023-08-26 14:37:49]:[DEBUG]:[Log level assigned to debug]
[2023-08-26 14:37:49]:[INFO]:[Configuration file found loading /home/administrator/scripts/remote_admin/var/conf/ra.administrator.conf]
[2023-08-26 14:37:49]:[DEBUG]:[Remote Admin v.2.0 configuration file loaded from /home/administrator/scripts/remote_admin/var/conf/ra.administrator.conf]
[2023-08-26 14:37:49]:[DEBUG]:[Remote Admin is located in /home/administrator/scripts/remote_admin and started at 1693075069.564]
[2023-08-26 14:37:49]:[DEBUG]:[Remote Admin is reporting 33 lines and 133 columns]
[2023-08-26 14:37:49]:[INFO]:[Remote Admin v.2.0 startup completed]
[2023-08-26 14:38:30]:[DEBUG]:[Log level assigned to debug]
[2023-08-26 14:38:30]:[INFO]:[Configuration file found loading /home/administrator/scripts/remote_admin/var/conf/ra.administrator.conf]
[2023-08-26 14:38:30]:[DEBUG]:[Remote Admin v.2.0 configuration file loaded from /home/administrator/scripts/remote_admin/var/conf/ra.administrator.conf]
[2023-08-26 14:38:30]:[DEBUG]:[Remote Admin is located in /home/administrator/scripts/remote_admin and started at 1693075110.836]
[2023-08-26 14:38:30]:[DEBUG]:[Remote Admin is reporting 33 lines and 133 columns]
[2023-08-26 14:38:30]:[INFO]:[Remote Admin v.2.0 startup completed]
[2023-08-26 14:40:03]:[DEBUG]:[Log level assigned to debug]
[2023-08-26 14:40:03]:[INFO]:[Configuration file found loading /home/administrator/scripts/remote_admin/var/conf/ra.administrator.conf]
[2023-08-26 14:40:03]:[DEBUG]:[Remote Admin v.2.0 configuration file loaded from /home/administrator/scripts/remote_admin/var/conf/ra.administrator.conf]
[2023-08-26 14:40:03]:[DEBUG]:[Remote Admin is located in /home/administrator/scripts/remote_admin and started at 1693075203.501]
[2023-08-26 14:40:03]:[DEBUG]:[Remote Admin is reporting 33 lines and 133 columns]
[2023-08-26 14:40:03]:[INFO]:[Remote Admin v.2.0 startup completed]
[2023-08-26 14:40:53]:[DEBUG]:[Log level assigned to debug]
[2023-08-26 14:40:53]:[INFO]:[Configuration file found loading /home/administrator/scripts/remote_admin/var/conf/ra.administrator.conf]
[2023-08-26 14:40:53]:[DEBUG]:[Remote Admin v.2.0 configuration file loaded from /home/administrator/scripts/remote_admin/var/conf/ra.administrator.conf]
[2023-08-26 14:40:53]:[DEBUG]:[Remote Admin is located in /home/administrator/scripts/remote_admin and started at 1693075253.877]
[2023-08-26 14:40:53]:[DEBUG]:[Remote Admin is reporting 33 lines and 133 columns]
[2023-08-26 14:40:53]:[INFO]:[Remote Admin v.2.0 startup completed]
[2023-08-26 14:41:45]:[DEBUG]:[Log level assigned to debug]
[2023-08-26 14:41:45]:[INFO]:[Configuration file found loading /home/administrator/scripts/remote_admin/var/conf/ra.administrator.conf]
[2023-08-26 14:41:45]:[DEBUG]:[Remote Admin v.2.0 configuration file loaded from /home/administrator/scripts/remote_admin/var/conf/ra.administrator.conf]
[2023-08-26 14:41:45]:[DEBUG]:[Remote Admin is located in /home/administrator/scripts/remote_admin and started at 1693075305.197]
[2023-08-26 14:41:45]:[DEBUG]:[Remote Admin is reporting 33 lines and 133 columns]
[2023-08-26 14:41:45]:[INFO]:[Remote Admin v.2.0 startup completed]
[2023-08-26 14:43:30]:[DEBUG]:[Log level assigned to debug]
[2023-08-26 14:43:30]:[INFO]:[Configuration file found loading /home/administrator/scripts/remote_admin/var/conf/ra.administrator.conf]
[2023-08-26 14:43:30]:[DEBUG]:[Remote Admin v.2.0 configuration file loaded from /home/administrator/scripts/remote_admin/var/conf/ra.administrator.conf]
[2023-08-26 14:43:30]:[DEBUG]:[Remote Admin is located in /home/administrator/scripts/remote_admin and started at 1693075410.447]
[2023-08-26 14:43:30]:[DEBUG]:[Remote Admin is reporting 33 lines and 133 columns]
[2023-08-26 14:43:30]:[INFO]:[Remote Admin v.2.0 startup completed]
[2023-08-26 14:44:02]:[DEBUG]:[Log level assigned to debug]
[2023-08-26 14:44:02]:[INFO]:[Configuration file found loading /home/administrator/scripts/remote_admin/var/conf/ra.administrator.conf]
[2023-08-26 14:44:02]:[DEBUG]:[Remote Admin v.2.0 configuration file loaded from /home/administrator/scripts/remote_admin/var/conf/ra.administrator.conf]
[2023-08-26 14:44:02]:[DEBUG]:[Remote Admin is located in /home/administrator/scripts/remote_admin and started at 1693075442.343]
[2023-08-26 14:44:02]:[DEBUG]:[Remote Admin is reporting 33 lines and 133 columns]
[2023-08-26 14:44:02]:[INFO]:[Remote Admin v.2.0 startup completed]
[2023-08-26 14:44:18]:[DEBUG]:[Log level assigned to debug]
[2023-08-26 14:44:18]:[INFO]:[Configuration file found loading /home/administrator/scripts/remote_admin/var/conf/ra.administrator.conf]
[2023-08-26 14:44:18]:[DEBUG]:[Remote Admin v.2.0 configuration file loaded from /home/administrator/scripts/remote_admin/var/conf/ra.administrator.conf]
[2023-08-26 14:44:18]:[DEBUG]:[Remote Admin is located in /home/administrator/scripts/remote_admin and started at 1693075458.895]
[2023-08-26 14:44:18]:[DEBUG]:[Remote Admin is reporting 33 lines and 133 columns]
[2023-08-26 14:44:18]:[INFO]:[Remote Admin v.2.0 startup completed]
[2023-08-26 14:47:38]:[DEBUG]:[Log level assigned to debug]
[2023-08-26 14:47:38]:[INFO]:[Configuration file found loading /home/administrator/scripts/remote_admin/var/conf/ra.administrator.conf]
[2023-08-26 14:47:38]:[DEBUG]:[Remote Admin v.2.0 configuration file loaded from /home/administrator/scripts/remote_admin/var/conf/ra.administrator.conf]
[2023-08-26 14:47:38]:[DEBUG]:[Remote Admin is located in /home/administrator/scripts/remote_admin and started at 1693075658.928]
[2023-08-26 14:47:38]:[DEBUG]:[Remote Admin is reporting 33 lines and 133 columns]
[2023-08-26 14:47:38]:[INFO]:[Remote Admin v.2.0 startup completed]
[2023-08-26 14:49:14]:[DEBUG]:[Log level assigned to debug]
[2023-08-26 14:49:14]:[INFO]:[Configuration file found loading /home/administrator/scripts/remote_admin/var/conf/ra.administrator.conf]
[2023-08-26 14:49:14]:[DEBUG]:[Remote Admin v.2.0 configuration file loaded from /home/administrator/scripts/remote_admin/var/conf/ra.administrator.conf]
[2023-08-26 14:49:14]:[DEBUG]:[Remote Admin is located in /home/administrator/scripts/remote_admin and started at 1693075754.961]
[2023-08-26 14:49:14]:[DEBUG]:[Remote Admin is reporting 33 lines and 133 columns]
[2023-08-26 14:49:14]:[INFO]:[Remote Admin v.2.0 startup completed]
[2023-08-26 14:50:58]:[DEBUG]:[Log level assigned to debug]
[2023-08-26 14:50:58]:[INFO]:[Configuration file found loading /home/administrator/scripts/remote_admin/var/conf/ra.administrator.conf]
[2023-08-26 14:50:58]:[DEBUG]:[Remote Admin v.2.0 configuration file loaded from /home/administrator/scripts/remote_admin/var/conf/ra.administrator.conf]
[2023-08-26 14:50:58]:[DEBUG]:[Remote Admin is located in /home/administrator/scripts/remote_admin and started at 1693075858.345]
[2023-08-26 14:50:58]:[DEBUG]:[Remote Admin is reporting 33 lines and 133 columns]
[2023-08-26 14:50:58]:[INFO]:[Remote Admin v.2.0 startup completed]
[2023-08-26 14:51:33]:[DEBUG]:[Log level assigned to debug]
[2023-08-26 14:51:33]:[INFO]:[Configuration file found loading /home/administrator/scripts/remote_admin/var/conf/ra.administrator.conf]
[2023-08-26 14:51:33]:[DEBUG]:[Remote Admin v.2.0 configuration file loaded from /home/administrator/scripts/remote_admin/var/conf/ra.administrator.conf]
[2023-08-26 14:51:33]:[DEBUG]:[Remote Admin is located in /home/administrator/scripts/remote_admin and started at 1693075893.464]
[2023-08-26 14:51:33]:[DEBUG]:[Remote Admin is reporting 33 lines and 133 columns]
[2023-08-26 14:51:33]:[INFO]:[Remote Admin v.2.0 startup completed]
[2023-08-26 14:52:29]:[DEBUG]:[Log level assigned to debug]
[2023-08-26 14:52:29]:[INFO]:[Configuration file found loading /home/administrator/scripts/remote_admin/var/conf/ra.administrator.conf]
[2023-08-26 14:52:29]:[DEBUG]:[Remote Admin v.2.0 configuration file loaded from /home/administrator/scripts/remote_admin/var/conf/ra.administrator.conf]
[2023-08-26 14:52:29]:[DEBUG]:[Remote Admin is located in /home/administrator/scripts/remote_admin and started at 1693075949.506]
[2023-08-26 14:52:29]:[DEBUG]:[Remote Admin is reporting 33 lines and 133 columns]
[2023-08-26 14:52:29]:[INFO]:[Remote Admin v.2.0 startup completed]
[2023-08-26 14:52:35]:[DEBUG]:[Log level assigned to debug]
[2023-08-26 14:52:35]:[INFO]:[Configuration file found loading /home/administrator/scripts/remote_admin/var/conf/ra.administrator.conf]
[2023-08-26 14:52:35]:[DEBUG]:[Remote Admin v.2.0 configuration file loaded from /home/administrator/scripts/remote_admin/var/conf/ra.administrator.conf]
[2023-08-26 14:52:35]:[DEBUG]:[Remote Admin is located in /home/administrator/scripts/remote_admin and started at 1693075955.522]
[2023-08-26 14:52:35]:[DEBUG]:[Remote Admin is reporting 33 lines and 133 columns]
[2023-08-26 14:52:35]:[INFO]:[Remote Admin v.2.0 startup completed]
[2023-08-26 14:54:41]:[DEBUG]:[Log level assigned to debug]
[2023-08-26 14:54:41]:[INFO]:[Configuration file found loading /home/administrator/scripts/remote_admin/var/conf/ra.administrator.conf]
[2023-08-26 14:54:41]:[DEBUG]:[Remote Admin v.2.0 configuration file loaded from /home/administrator/scripts/remote_admin/var/conf/ra.administrator.conf]
[2023-08-26 14:54:41]:[DEBUG]:[Remote Admin is located in /home/administrator/scripts/remote_admin and started at 1693076081.747]
[2023-08-26 14:54:41]:[DEBUG]:[Remote Admin is reporting 33 lines and 133 columns]
[2023-08-26 14:54:41]:[INFO]:[Remote Admin v.2.0 startup completed]
[2023-08-26 14:54:42]:[DEBUG]:["Exit Remote Admin" was selected]
[2023-08-26 14:54:42]:[INFO]:[Remote Admin closing - total run time: 00h 00m 00.971s]
[2023-08-26 14:54:42]:[DEBUG]:[Unsetting used variables]
[2023-08-26 14:54:44]:[DEBUG]:[Log level assigned to debug]
[2023-08-26 14:54:44]:[INFO]:[Configuration file found loading /home/administrator/scripts/remote_admin/var/conf/ra.administrator.conf]
[2023-08-26 14:54:44]:[DEBUG]:[Remote Admin v.2.0 configuration file loaded from /home/administrator/scripts/remote_admin/var/conf/ra.administrator.conf]
[2023-08-26 14:54:44]:[DEBUG]:[Remote Admin is located in /home/administrator/scripts/remote_admin and started at 1693076084.956]
[2023-08-26 14:54:44]:[DEBUG]:[Remote Admin is reporting 33 lines and 133 columns]
[2023-08-26 14:54:44]:[INFO]:[Remote Admin v.2.0 startup completed]
[2023-08-26 14:55:09]:[DEBUG]:["Exit Remote Admin" was selected]
[2023-08-26 14:55:09]:[INFO]:[Remote Admin closing - total run time: 00h 00m 24.176s]
[2023-08-26 14:55:09]:[DEBUG]:[Unsetting used variables]
[2023-08-26 15:11:44]:[DEBUG]:[Log level assigned to debug]
[2023-08-26 15:11:44]:[INFO]:[Configuration file found loading /home/administrator/scripts/remote_admin/var/conf/ra.administrator.conf]
[2023-08-26 15:11:44]:[DEBUG]:[Remote Admin v.2.0 configuration file loaded from /home/administrator/scripts/remote_admin/var/conf/ra.administrator.conf]
[2023-08-26 15:11:44]:[DEBUG]:[Remote Admin is located in /home/administrator/scripts/remote_admin and started at 1693077104.251]
[2023-08-26 15:11:44]:[DEBUG]:[Remote Admin is reporting 33 lines and 133 columns]
[2023-08-26 15:11:44]:[INFO]:[Remote Admin v.2.0 startup completed]
[2023-08-26 15:14:46]:[DEBUG]:["Exit Remote Admin" was selected]
[2023-08-26 15:14:46]:[INFO]:[Remote Admin closing - total run time: 00h 03m 02.026s]
[2023-08-26 15:14:46]:[DEBUG]:[Unsetting used variables]
[2023-08-26 15:14:46]:[DEBUG]:[Log level assigned to debug]
[2023-08-26 15:14:46]:[INFO]:[Configuration file found loading /home/administrator/scripts/remote_admin/var/conf/ra.administrator.conf]
[2023-08-26 15:14:46]:[DEBUG]:[Remote Admin v.2.0 configuration file loaded from /home/administrator/scripts/remote_admin/var/conf/ra.administrator.conf]
[2023-08-26 15:14:46]:[DEBUG]:[Remote Admin is located in /home/administrator/scripts/remote_admin and started at 1693077286.925]
[2023-08-26 15:14:46]:[DEBUG]:[Remote Admin is reporting 33 lines and 133 columns]
[2023-08-26 15:14:46]:[INFO]:[Remote Admin v.2.0 startup completed]
[2023-08-26 15:15:29]:[DEBUG]:["Exit Remote Admin" was selected]
[2023-08-26 15:15:29]:[INFO]:[Remote Admin closing - total run time: 00h 00m 42.843s]
[2023-08-26 15:15:29]:[DEBUG]:[Unsetting used variables]
[2023-08-26 15:15:30]:[DEBUG]:[Log level assigned to debug]
[2023-08-26 15:15:30]:[INFO]:[Configuration file found loading /home/administrator/scripts/remote_admin/var/conf/ra.administrator.conf]
[2023-08-26 15:15:30]:[DEBUG]:[Remote Admin v.2.0 configuration file loaded from /home/administrator/scripts/remote_admin/var/conf/ra.administrator.conf]
[2023-08-26 15:15:30]:[DEBUG]:[Remote Admin is located in /home/administrator/scripts/remote_admin and started at 1693077330.251]
[2023-08-26 15:15:30]:[DEBUG]:[Remote Admin is reporting 33 lines and 133 columns]
[2023-08-26 15:15:30]:[INFO]:[Remote Admin v.2.0 startup completed]
[2023-08-26 15:17:33]:[DEBUG]:[Log level assigned to debug]
[2023-08-26 15:17:33]:[INFO]:[Configuration file found loading /home/administrator/scripts/remote_admin/var/conf/ra.administrator.conf]
[2023-08-26 15:17:33]:[DEBUG]:[Remote Admin v.2.0 configuration file loaded from /home/administrator/scripts/remote_admin/var/conf/ra.administrator.conf]
[2023-08-26 15:17:33]:[DEBUG]:[Remote Admin is located in /home/administrator/scripts/remote_admin and started at 1693077453.428]
[2023-08-26 15:17:33]:[DEBUG]:[Remote Admin is reporting 13 lines and 295 columns]
[2023-08-26 15:17:33]:[INFO]:[Remote Admin v.2.0 startup completed]
[2023-08-26 15:17:40]:[DEBUG]:["Exit Remote Admin" was selected]
[2023-08-26 15:17:40]:[INFO]:[Remote Admin closing - total run time: 00h 00m 07.461s]
[2023-08-26 15:17:40]:[DEBUG]:[Unsetting used variables]
[2023-08-26 15:17:44]:[DEBUG]:["Exit Remote Admin" was selected]
[2023-08-26 15:17:44]:[INFO]:[Remote Admin closing - total run time: 00h 02m 14.148s]
[2023-08-26 15:17:44]:[DEBUG]:[Unsetting used variables]
[2023-08-26 15:17:45]:[DEBUG]:[Log level assigned to debug]
[2023-08-26 15:17:45]:[INFO]:[Configuration file found loading /home/administrator/scripts/remote_admin/var/conf/ra.administrator.conf]
[2023-08-26 15:17:45]:[DEBUG]:[Remote Admin v.2.0 configuration file loaded from /home/administrator/scripts/remote_admin/var/conf/ra.administrator.conf]
[2023-08-26 15:17:45]:[DEBUG]:[Remote Admin is located in /home/administrator/scripts/remote_admin and started at 1693077465.108]
[2023-08-26 15:17:45]:[DEBUG]:[Remote Admin is reporting 33 lines and 133 columns]
[2023-08-26 15:17:45]:[INFO]:[Remote Admin v.2.0 startup completed]
[2023-08-26 15:17:48]:[DEBUG]:["Exit Remote Admin" was selected]
[2023-08-26 15:17:48]:[INFO]:[Remote Admin closing - total run time: 00h 00m 03.170s]
[2023-08-26 15:17:48]:[DEBUG]:[Unsetting used variables]
[2023-08-26 15:19:04]:[DEBUG]:[Log level assigned to debug]
[2023-08-26 15:19:04]:[INFO]:[Configuration file found loading /home/administrator/scripts/remote_admin/var/conf/ra.administrator.conf]
[2023-08-26 15:19:04]:[DEBUG]:[Remote Admin v.2.0 configuration file loaded from /home/administrator/scripts/remote_admin/var/conf/ra.administrator.conf]
[2023-08-26 15:19:04]:[DEBUG]:[Remote Admin is located in /home/administrator/scripts/remote_admin and started at 1693077544.790]
[2023-08-26 15:19:04]:[DEBUG]:[Remote Admin is reporting 33 lines and 133 columns]
[2023-08-26 15:19:04]:[INFO]:[Remote Admin v.2.0 startup completed]
[2023-08-26 15:19:10]:[DEBUG]:["Edit SSH Config" was selected]
[2023-08-26 15:19:13]:[DEBUG]:[Log level assigned to debug]
[2023-08-26 15:19:13]:[INFO]:[Configuration file found loading /home/administrator/scripts/remote_admin/var/conf/ra.administrator.conf]
[2023-08-26 15:19:15]:[DEBUG]:["Change Username" was selected]
[2023-08-26 15:20:29]:[DEBUG]:[Log level assigned to debug]
[2023-08-26 15:20:29]:[INFO]:[Configuration file found loading /home/administrator/scripts/remote_admin/var/conf/ra.administrator.conf]
[2023-08-26 15:20:29]:[DEBUG]:[Remote Admin v.2.0 configuration file loaded from /home/administrator/scripts/remote_admin/var/conf/ra.administrator.conf]
[2023-08-26 15:20:29]:[DEBUG]:[Remote Admin is located in /home/administrator/scripts/remote_admin and started at 1693077629.167]
[2023-08-26 15:20:29]:[DEBUG]:[Remote Admin is reporting 13 lines and 295 columns]
[2023-08-26 15:20:29]:[INFO]:[Remote Admin v.2.0 startup completed]
[2023-08-26 15:20:30]:[DEBUG]:["Exit Remote Admin" was selected]
[2023-08-26 15:20:30]:[INFO]:[Remote Admin closing - total run time: 00h 00m 01.226s]
[2023-08-26 15:20:30]:[DEBUG]:[Unsetting used variables]
[2023-08-26 15:22:59]:[DEBUG]:[Log level assigned to debug]
[2023-08-26 15:22:59]:[INFO]:[Configuration file found loading /home/administrator/scripts/remote_admin/var/conf/ra.administrator.conf]
[2023-08-26 15:22:59]:[DEBUG]:[Remote Admin v.2.0 configuration file loaded from /home/administrator/scripts/remote_admin/var/conf/ra.administrator.conf]
[2023-08-26 15:22:59]:[DEBUG]:[Remote Admin is located in /home/administrator/scripts/remote_admin and started at 1693077779.753]
[2023-08-26 15:22:59]:[DEBUG]:[Remote Admin is reporting 13 lines and 295 columns]
[2023-08-26 15:22:59]:[INFO]:[Remote Admin v.2.0 startup completed]
[2023-08-26 15:23:38]:[DEBUG]:["Exit Remote Admin" was selected]
[2023-08-26 15:23:38]:[INFO]:[Remote Admin closing - total run time: 00h 00m 38.880s]
[2023-08-26 15:23:38]:[DEBUG]:[Unsetting used variables]
[2023-08-26 15:23:39]:[DEBUG]:[Log level assigned to debug]
[2023-08-26 15:23:39]:[INFO]:[Configuration file found loading /home/administrator/scripts/remote_admin/var/conf/ra.administrator.conf]
[2023-08-26 15:23:39]:[DEBUG]:[ANSI Colors loaded]
[2023-08-26 15:23:39]:[DEBUG]:[Remote Admin v.2.0 configuration file loaded from /home/administrator/scripts/remote_admin/var/conf/ra.administrator.conf]
[2023-08-26 15:23:39]:[DEBUG]:[Remote Admin is located in /home/administrator/scripts/remote_admin and started at 1693077819.353]
[2023-08-26 15:23:39]:[DEBUG]:[Remote Admin is reporting 13 lines and 295 columns]
[2023-08-26 15:23:39]:[INFO]:[Remote Admin v.2.0 startup completed]
[2023-08-26 15:23:45]:[DEBUG]:["Exit Remote Admin" was selected]
[2023-08-26 15:23:45]:[INFO]:[Remote Admin closing - total run time: 00h 00m 05.687s]
[2023-08-26 15:23:45]:[DEBUG]:[Unsetting used variables]
[2023-08-26 15:24:43]:[DEBUG]:[Log level assigned to debug]
[2023-08-26 15:24:43]:[INFO]:[Configuration file found loading /home/administrator/scripts/remote_admin/var/conf/ra.administrator.conf]
[2023-08-26 15:24:43]:[DEBUG]:[ANSI Colors loaded]
[2023-08-26 15:24:43]:[DEBUG]:[Remote Admin v.2.0 configuration file loaded from /home/administrator/scripts/remote_admin/var/conf/ra.administrator.conf]
[2023-08-26 15:24:43]:[DEBUG]:[Remote Admin is located in /home/administrator/scripts/remote_admin and started at 1693077883.888]
[2023-08-26 15:24:43]:[DEBUG]:[Remote Admin is reporting 33 lines and 133 columns]
[2023-08-26 15:24:43]:[INFO]:[Remote Admin v.2.0 startup completed]
[2023-08-26 15:24:52]:[DEBUG]:["Exit Remote Admin" was selected]
[2023-08-26 15:24:52]:[INFO]:[Remote Admin closing - total run time: 00h 00m 09.098s]
[2023-08-26 15:24:52]:[DEBUG]:[Unsetting used variables]
[2023-08-26 15:24:55]:[DEBUG]:[Log level assigned to debug]
[2023-08-26 15:24:55]:[INFO]:[Configuration file found loading /home/administrator/scripts/remote_admin/var/conf/ra.administrator.conf]
[2023-08-26 15:24:55]:[DEBUG]:[ANSI Colors loaded]
[2023-08-26 15:24:55]:[DEBUG]:[Remote Admin v.2.0 configuration file loaded from /home/administrator/scripts/remote_admin/var/conf/ra.administrator.conf]
[2023-08-26 15:24:55]:[DEBUG]:[Remote Admin is located in /home/administrator/scripts/remote_admin and started at 1693077895.896]
[2023-08-26 15:24:55]:[DEBUG]:[Remote Admin is reporting 33 lines and 133 columns]
[2023-08-26 15:24:55]:[INFO]:[Remote Admin v.2.0 startup completed]
[2023-08-26 15:24:57]:[DEBUG]:["Select Host" was selected]
[2023-08-26 15:24:58]:[DEBUG]:[Log level assigned to debug]
[2023-08-26 15:24:58]:[INFO]:[Configuration file found loading /home/administrator/scripts/remote_admin/var/conf/ra.administrator.conf]
[2023-08-26 15:24:58]:[DEBUG]:[ANSI Colors loaded]
[2023-08-26 15:24:58]:[DEBUG]:[Remote Admin v.2.0 configuration file loaded from /home/administrator/scripts/remote_admin/var/conf/ra.administrator.conf]
[2023-08-26 15:24:58]:[DEBUG]:[Remote Admin is located in /home/administrator/scripts/remote_admin and started at 1693077898.128]
[2023-08-26 15:24:58]:[DEBUG]:[Remote Admin is reporting 33 lines and 133 columns]
[2023-08-26 15:24:58]:[INFO]:[Remote Admin v.2.0 startup completed]
[2023-08-26 15:24:58]:[DEBUG]:["Health Check" was selected]
[2023-08-26 15:24:59]:[DEBUG]:[Log level assigned to debug]
[2023-08-26 15:24:59]:[INFO]:[Configuration file found loading /home/administrator/scripts/remote_admin/var/conf/ra.administrator.conf]
[2023-08-26 15:24:59]:[DEBUG]:[ANSI Colors loaded]
[2023-08-26 15:24:59]:[DEBUG]:[Remote Admin v.2.0 configuration file loaded from /home/administrator/scripts/remote_admin/var/conf/ra.administrator.conf]
[2023-08-26 15:24:59]:[DEBUG]:[Remote Admin is located in /home/administrator/scripts/remote_admin and started at 1693077899.620]
[2023-08-26 15:24:59]:[DEBUG]:[Remote Admin is reporting 33 lines and 133 columns]
[2023-08-26 15:24:59]:[INFO]:[Remote Admin v.2.0 startup completed]
[2023-08-26 15:25:00]:[DEBUG]:["Interactive Config" was selected]
[2023-08-26 15:25:02]:[DEBUG]:[Log level assigned to debug]
[2023-08-26 15:25:02]:[INFO]:[Configuration file found loading /home/administrator/scripts/remote_admin/var/conf/ra.administrator.conf]
[2023-08-26 15:25:02]:[DEBUG]:[ANSI Colors loaded]
[2023-08-26 15:25:02]:[DEBUG]:[Remote Admin v.2.0 configuration file loaded from /home/administrator/scripts/remote_admin/var/conf/ra.administrator.conf]
[2023-08-26 15:25:02]:[DEBUG]:[Remote Admin is located in /home/administrator/scripts/remote_admin and started at 1693077902.199]
[2023-08-26 15:25:02]:[DEBUG]:[Remote Admin is reporting 33 lines and 133 columns]
[2023-08-26 15:25:02]:[INFO]:[Remote Admin v.2.0 startup completed]
[2023-08-26 15:25:03]:[DEBUG]:["Edit Config" was selected]
[2023-08-26 15:25:09]:[DEBUG]:[Log level assigned to debug]
[2023-08-26 15:25:09]:[INFO]:[Configuration file found loading /home/administrator/scripts/remote_admin/var/conf/ra.administrator.conf]
[2023-08-26 15:25:18]:[DEBUG]:["Change Username" was selected]
[2023-08-26 15:25:23]:[INFO]:[Username was changed to ]
[2023-08-26 15:25:25]:[DEBUG]:["Exit Remote Admin" was selected]
[2023-08-26 15:25:25]:[INFO]:[Remote Admin closing - total run time: 00h 00m 23.146s]
[2023-08-26 15:25:25]:[DEBUG]:[Unsetting used variables]
[2023-08-26 15:25:26]:[DEBUG]:[Log level assigned to debug]
[2023-08-26 15:25:26]:[INFO]:[Configuration file found loading /home/administrator/scripts/remote_admin/var/conf/ra.administrator.conf]
[2023-08-26 15:25:26]:[DEBUG]:[ANSI Colors loaded]
[2023-08-26 15:25:26]:[DEBUG]:[Remote Admin v.2.0 configuration file loaded from /home/administrator/scripts/remote_admin/var/conf/ra.administrator.conf]
[2023-08-26 15:25:26]:[DEBUG]:[Remote Admin is located in /home/administrator/scripts/remote_admin and started at 1693077926.143]
[2023-08-26 15:25:26]:[DEBUG]:[Remote Admin is reporting 33 lines and 133 columns]
[2023-08-26 15:25:26]:[INFO]:[Remote Admin v.2.0 startup completed]
[2023-08-26 16:01:49]:[DEBUG]:["Exit Remote Admin" was selected]
[2023-08-26 16:01:49]:[INFO]:[Remote Admin closing - total run time: 00h 36m 23.675s]
[2023-08-26 16:01:49]:[DEBUG]:[Unsetting used variables]
[2023-08-26 17:39:21]:[DEBUG]:[Log level assigned to debug]
[2023-08-26 17:39:21]:[INFO]:[Configuration file found loading /home/administrator/scripts/remote_admin/var/conf/ra.administrator.conf]
[2023-08-26 17:39:21]:[DEBUG]:[ANSI Colors loaded]
[2023-08-26 17:39:21]:[DEBUG]:[Remote Admin v.2.0 configuration file loaded from /home/administrator/scripts/remote_admin/var/conf/ra.administrator.conf]
[2023-08-26 17:39:21]:[DEBUG]:[Remote Admin is located in /home/administrator/scripts/remote_admin and started at 1693085961.113]
[2023-08-26 17:39:21]:[DEBUG]:[Remote Admin is reporting 33 lines and 133 columns]
[2023-08-26 17:39:21]:[INFO]:[Remote Admin v.2.0 startup completed]
[2023-08-26 17:39:32]:[DEBUG]:["Exit Remote Admin" was selected]
[2023-08-26 17:39:32]:[INFO]:[Remote Admin closing - total run time: 00h 00m 11.260s]
[2023-08-26 17:39:32]:[DEBUG]:[Unsetting used variables]
[2023-08-26 17:49:06]:[DEBUG]:[Log level assigned to debug]
[2023-08-26 17:49:06]:[INFO]:[Configuration file found loading /home/administrator/scripts/remote_admin/var/conf/ra.administrator.conf]
[2023-08-26 17:49:06]:[DEBUG]:[ANSI Colors loaded]
[2023-08-26 17:49:06]:[DEBUG]:[Remote Admin v.2.0 configuration file loaded from /home/administrator/scripts/remote_admin/var/conf/ra.administrator.conf]
[2023-08-26 17:49:06]:[DEBUG]:[Remote Admin is located in /home/administrator/scripts/remote_admin and started at 1693086546.888]
[2023-08-26 17:49:06]:[DEBUG]:[Remote Admin is reporting 33 lines and 133 columns]
[2023-08-26 17:49:06]:[INFO]:[Remote Admin v.2.0 startup completed]
[2023-08-26 17:51:55]:[DEBUG]:["Exit Remote Admin" was selected]
[2023-08-26 17:51:55]:[INFO]:[Remote Admin closing - total run time: 00h 02m 48.868s]
[2023-08-26 17:51:55]:[DEBUG]:[Unsetting used variables]
[2023-08-26 17:51:56]:[DEBUG]:[Log level assigned to debug]
[2023-08-26 17:51:56]:[INFO]:[Configuration file found loading /home/administrator/scripts/remote_admin/var/conf/ra.administrator.conf]
[2023-08-26 17:51:56]:[DEBUG]:[ANSI Colors loaded]
[2023-08-26 17:51:56]:[DEBUG]:[Remote Admin v.2.0 configuration file loaded from /home/administrator/scripts/remote_admin/var/conf/ra.administrator.conf]
[2023-08-26 17:51:56]:[DEBUG]:[Remote Admin is located in /home/administrator/scripts/remote_admin and started at 1693086716.249]
[2023-08-26 17:51:56]:[DEBUG]:[Remote Admin is reporting 33 lines and 133 columns]
[2023-08-26 17:51:56]:[INFO]:[Remote Admin v.2.0 startup completed]
[2023-08-26 17:52:10]:[DEBUG]:["Exit Remote Admin" was selected]
[2023-08-26 17:52:10]:[INFO]:[Remote Admin closing - total run time: 00h 00m 14.098s]
[2023-08-26 17:52:10]:[DEBUG]:[Unsetting used variables]
[2023-08-26 17:52:38]:[DEBUG]:[Log level assigned to debug]
[2023-08-26 17:52:38]:[INFO]:[Configuration file found loading /home/administrator/scripts/remote_admin/var/conf/ra.administrator.conf]
[2023-08-26 17:52:38]:[DEBUG]:[ANSI Colors loaded]
[2023-08-26 17:52:38]:[DEBUG]:[Remote Admin v.2.0 configuration file loaded from /home/administrator/scripts/remote_admin/var/conf/ra.administrator.conf]
[2023-08-26 17:52:38]:[DEBUG]:[Remote Admin is located in /home/administrator/scripts/remote_admin and started at 1693086758.986]
[2023-08-26 17:52:38]:[DEBUG]:[Remote Admin is reporting 33 lines and 133 columns]
[2023-08-26 17:52:39]:[INFO]:[Remote Admin v.2.0 startup completed]
[2023-08-26 17:52:54]:[DEBUG]:["Exit Remote Admin" was selected]
[2023-08-26 17:52:54]:[INFO]:[Remote Admin closing - total run time: 00h 00m 15.370s]
[2023-08-26 17:52:54]:[DEBUG]:[Unsetting used variables]
[2023-08-26 17:54:02]:[DEBUG]:[Log level assigned to debug]
[2023-08-26 17:54:02]:[INFO]:[Configuration file found loading /home/administrator/scripts/remote_admin/var/conf/ra.administrator.conf]
[2023-08-26 17:54:02]:[DEBUG]:[ANSI Colors loaded]
[2023-08-26 17:54:02]:[DEBUG]:[Remote Admin v.2.0 configuration file loaded from /home/administrator/scripts/remote_admin/var/conf/ra.administrator.conf]
[2023-08-26 17:54:02]:[DEBUG]:[Remote Admin is located in /home/administrator/scripts/remote_admin and started at 1693086842.027]
[2023-08-26 17:54:02]:[DEBUG]:[Remote Admin is reporting 33 lines and 133 columns]
[2023-08-26 17:54:02]:[INFO]:[Remote Admin v.2.0 startup completed]
[2023-08-26 17:54:05]:[DEBUG]:["Edit Config" was selected]
[2023-08-26 17:54:06]:[DEBUG]:[Log level assigned to debug]
[2023-08-26 17:54:06]:[INFO]:[Configuration file found loading /home/administrator/scripts/remote_admin/var/conf/ra.administrator.conf]
[2023-08-26 17:54:08]:[DEBUG]:["Change Username" was selected]
[2023-08-26 17:54:10]:[INFO]:[Username was changed to ]
[2023-08-26 17:54:13]:[DEBUG]:["Exit Remote Admin" was selected]
[2023-08-26 17:54:13]:[INFO]:[Remote Admin closing - total run time: 00h 00m 11.253s]
[2023-08-26 17:54:13]:[DEBUG]:[Unsetting used variables]
[2023-08-26 17:54:35]:[DEBUG]:[Log level assigned to debug]
[2023-08-26 17:54:35]:[INFO]:[Configuration file found loading /home/administrator/scripts/remote_admin/var/conf/ra.administrator.conf]
[2023-08-26 17:54:35]:[DEBUG]:[ANSI Colors loaded]
[2023-08-26 17:54:35]:[DEBUG]:[Remote Admin v.2.0 configuration file loaded from /home/administrator/scripts/remote_admin/var/conf/ra.administrator.conf]
[2023-08-26 17:54:35]:[DEBUG]:[Remote Admin is located in /home/administrator/scripts/remote_admin and started at 1693086875.196]
[2023-08-26 17:54:35]:[DEBUG]:[Remote Admin is reporting 33 lines and 133 columns]
[2023-08-26 17:54:35]:[INFO]:[Remote Admin v.2.0 startup completed]
[2023-08-26 17:54:36]:[DEBUG]:["Change Identity" was selected]
[2023-08-26 17:54:39]:[INFO]:[Identity file was changed from  to ]
[2023-08-26 17:54:41]:[DEBUG]:["Health Check" was selected]
[2023-08-26 17:54:43]:[DEBUG]:[Log level assigned to debug]
[2023-08-26 17:54:43]:[INFO]:[Configuration file found loading /home/administrator/scripts/remote_admin/var/conf/ra.administrator.conf]
[2023-08-26 17:54:43]:[DEBUG]:[ANSI Colors loaded]
[2023-08-26 17:54:43]:[DEBUG]:[Remote Admin v.2.0 configuration file loaded from /home/administrator/scripts/remote_admin/var/conf/ra.administrator.conf]
[2023-08-26 17:54:43]:[DEBUG]:[Remote Admin is located in /home/administrator/scripts/remote_admin and started at 1693086883.003]
[2023-08-26 17:54:43]:[DEBUG]:[Remote Admin is reporting 33 lines and 133 columns]
[2023-08-26 17:54:43]:[INFO]:[Remote Admin v.2.0 startup completed]
[2023-08-26 17:54:48]:[DEBUG]:["Change Username" was selected]
[2023-08-26 17:54:49]:[INFO]:[Username was changed to ]
[2023-08-26 17:54:50]:[DEBUG]:["Exit Remote Admin" was selected]
[2023-08-26 17:54:50]:[INFO]:[Remote Admin closing - total run time: 00h 00m 07.874s]
[2023-08-26 17:54:50]:[DEBUG]:[Unsetting used variables]
[2023-08-26 17:59:36]:[DEBUG]:[Log level assigned to debug]
[2023-08-26 17:59:36]:[INFO]:[Configuration file found loading /home/administrator/scripts/remote_admin/var/conf/ra.administrator.conf]
[2023-08-26 17:59:36]:[DEBUG]:[ANSI Colors loaded]
[2023-08-26 17:59:36]:[DEBUG]:[Remote Admin v.2.0 configuration file loaded from /home/administrator/scripts/remote_admin/var/conf/ra.administrator.conf]
[2023-08-26 17:59:36]:[DEBUG]:[Remote Admin is located in /home/administrator/scripts/remote_admin and started at 1693087176.517]
[2023-08-26 17:59:36]:[DEBUG]:[Remote Admin is reporting 33 lines and 133 columns]
[2023-08-26 17:59:36]:[INFO]:[Remote Admin v.2.0 startup completed]
[2023-08-26 17:59:42]:[DEBUG]:["Select Host" was selected]
[2023-08-26 18:01:22]:[DEBUG]:[Log level assigned to debug]
[2023-08-26 18:01:22]:[INFO]:[Configuration file found loading /home/administrator/scripts/remote_admin/var/conf/ra.administrator.conf]
[2023-08-26 18:01:22]:[DEBUG]:[ANSI Colors loaded]
[2023-08-26 18:01:22]:[DEBUG]:[Remote Admin v.2.0 configuration file loaded from /home/administrator/scripts/remote_admin/var/conf/ra.administrator.conf]
[2023-08-26 18:01:22]:[DEBUG]:[Remote Admin is located in /home/administrator/scripts/remote_admin and started at 1693087282.861]
[2023-08-26 18:01:22]:[DEBUG]:[Remote Admin is reporting 33 lines and 133 columns]
[2023-08-26 18:01:22]:[INFO]:[Remote Admin v.2.0 startup completed]
[2023-08-26 19:43:54]:[DEBUG]:[Log level assigned to debug]
[2023-08-26 19:43:54]:[INFO]:[Configuration file found loading /home/administrator/scripts/remote_admin/var/conf/ra.administrator.conf]
[2023-08-26 19:43:54]:[DEBUG]:[ANSI Colors loaded]
[2023-08-26 19:43:54]:[DEBUG]:[Remote Admin v.2.0 configuration file loaded from /home/administrator/scripts/remote_admin/var/conf/ra.administrator.conf]
[2023-08-26 19:43:54]:[DEBUG]:[Remote Admin is located in /home/administrator/scripts/remote_admin and started at 1693093434.230]
[2023-08-26 19:43:54]:[DEBUG]:[Remote Admin is reporting 33 lines and 133 columns]
[2023-08-26 19:43:54]:[INFO]:[Remote Admin v.2.0 startup completed]
[2023-08-26 19:43:56]:[DEBUG]:["Remote Systems" was selected]
[2023-08-26 19:44:00]:[DEBUG]:["Return to System Menu" was selected]
[2023-08-26 19:44:01]:[DEBUG]:["Local System" was selected]
[2023-08-26 19:44:02]:[DEBUG]:["Return to System Menu" was selected]
[2023-08-26 19:44:04]:[DEBUG]:["Remote Systems" was selected]
[2023-08-26 19:44:06]:[DEBUG]:["Return to System Menu" was selected]
[2023-08-26 19:44:07]:[DEBUG]:["Exit Remote Admin" was selected]
[2023-08-26 19:44:07]:[INFO]:[Remote Admin closing - total run time: 00h 00m 12.986s]
[2023-08-26 19:44:07]:[DEBUG]:[Unsetting used variables]
[2023-08-26 21:43:07]:[DEBUG]:[Log level assigned to debug]
[2023-08-26 21:43:07]:[INFO]:[Configuration file found loading /home/administrator/scripts/remote_admin/var/conf/ra.administrator.conf]
[2023-08-26 21:43:07]:[DEBUG]:[ANSI Colors loaded]
[2023-08-26 21:43:07]:[DEBUG]:[Remote Admin v.2.0 configuration file loaded from /home/administrator/scripts/remote_admin/var/conf/ra.administrator.conf]
[2023-08-26 21:43:07]:[DEBUG]:[Remote Admin is located in /home/administrator/scripts/remote_admin and started at 1693100587.107]
[2023-08-26 21:43:07]:[DEBUG]:[Remote Admin is reporting 33 lines and 133 columns]
[2023-08-26 21:43:07]:[INFO]:[Remote Admin v.2.0 startup completed]
[2023-08-26 21:43:08]:[DEBUG]:["Remote Systems" was selected]
[2023-08-26 21:43:09]:[DEBUG]:["Enter a Host" was selected]
[2023-08-26 21:43:13]:[DEBUG]:["Remote Systems" was selected]
[2023-08-26 21:43:16]:[DEBUG]:["Load Server Database" was selected]
[2023-08-26 21:43:23]:[DEBUG]:[Log level assigned to debug]
[2023-08-26 21:43:23]:[INFO]:[Configuration file found loading /home/administrator/scripts/remote_admin/var/conf/ra.administrator.conf]
[2023-08-26 21:43:23]:[DEBUG]:[ANSI Colors loaded]
[2023-08-26 21:43:23]:[DEBUG]:[Remote Admin v.2.0 configuration file loaded from /home/administrator/scripts/remote_admin/var/conf/ra.administrator.conf]
[2023-08-26 21:43:23]:[DEBUG]:[Remote Admin is located in /home/administrator/scripts/remote_admin and started at 1693100603.179]
[2023-08-26 21:43:23]:[DEBUG]:[Remote Admin is reporting 33 lines and 133 columns]
[2023-08-26 21:43:23]:[INFO]:[Remote Admin v.2.0 startup completed]
[2023-08-26 21:43:44]:[DEBUG]:["Remote Systems" was selected]
[2023-08-26 21:43:52]:[DEBUG]:["Help Manual" was selected]
[2023-08-26 21:43:53]:[DEBUG]:[Log level assigned to debug]
[2023-08-26 21:43:53]:[INFO]:[Configuration file found loading /home/administrator/scripts/remote_admin/var/conf/ra.administrator.conf]
[2023-08-26 21:43:53]:[DEBUG]:[ANSI Colors loaded]
[2023-08-26 21:43:53]:[DEBUG]:[Remote Admin v.2.0 configuration file loaded from /home/administrator/scripts/remote_admin/var/conf/ra.administrator.conf]
[2023-08-26 21:43:53]:[DEBUG]:[Remote Admin is located in /home/administrator/scripts/remote_admin and started at 1693100633.740]
[2023-08-26 21:43:53]:[DEBUG]:[Remote Admin is reporting 33 lines and 133 columns]
[2023-08-26 21:43:53]:[INFO]:[Remote Admin v.2.0 startup completed]
[2023-08-26 21:43:55]:[DEBUG]:["Remote Systems" was selected]
[2023-08-26 21:43:56]:[DEBUG]:["Return to System Menu" was selected]
[2023-08-26 21:44:04]:[DEBUG]:["Exit Remote Admin" was selected]
[2023-08-26 21:44:04]:[INFO]:[Remote Admin closing - total run time: 00h 00m 10.434s]
[2023-08-26 21:44:04]:[DEBUG]:[Unsetting used variables]
[2023-08-26 21:44:25]:[DEBUG]:[Log level assigned to debug]
[2023-08-26 21:44:25]:[INFO]:[Configuration file found loading /home/administrator/scripts/remote_admin/var/conf/ra.administrator.conf]
[2023-08-26 21:44:25]:[DEBUG]:[ANSI Colors loaded]
[2023-08-26 21:44:25]:[DEBUG]:[Remote Admin v.2.0 configuration file loaded from /home/administrator/scripts/remote_admin/var/conf/ra.administrator.conf]
[2023-08-26 21:44:25]:[DEBUG]:[Remote Admin is located in /home/administrator/scripts/remote_admin and started at 1693100665.147]
[2023-08-26 21:44:25]:[DEBUG]:[Remote Admin is reporting 33 lines and 133 columns]
[2023-08-26 21:44:25]:[INFO]:[Remote Admin v.2.0 startup completed]
[2023-08-26 21:44:25]:[DEBUG]:["Remote Systems" was selected]
[2023-08-26 21:44:36]:[DEBUG]:["Exit Remote Admin" was selected]
[2023-08-26 21:44:36]:[INFO]:[Remote Admin closing - total run time: 00h 00m 11.179s]
[2023-08-26 21:44:36]:[DEBUG]:[Unsetting used variables]
[2023-08-26 21:46:12]:[DEBUG]:[Log level assigned to debug]
[2023-08-26 21:46:12]:[INFO]:[Configuration file found loading /home/administrator/scripts/remote_admin/var/conf/ra.administrator.conf]
[2023-08-26 21:46:12]:[DEBUG]:[ANSI Colors loaded]
[2023-08-26 21:46:12]:[DEBUG]:[Remote Admin v.2.0 configuration file loaded from /home/administrator/scripts/remote_admin/var/conf/ra.administrator.conf]
[2023-08-26 21:46:12]:[DEBUG]:[Remote Admin is located in /home/administrator/scripts/remote_admin and started at 1693100772.438]
[2023-08-26 21:46:12]:[DEBUG]:[Remote Admin is reporting 33 lines and 133 columns]
[2023-08-26 21:46:12]:[INFO]:[Remote Admin v.2.0 startup completed]
[2023-08-26 21:46:24]:[DEBUG]:["Remote Systems" was selected]
[2023-08-26 21:46:31]:[DEBUG]:["Return to System Menu" was selected]
[2023-08-26 21:47:13]:[DEBUG]:["Exit Remote Admin" was selected]
[2023-08-26 21:47:13]:[INFO]:[Remote Admin closing - total run time: 00h 01m 01.096s]
[2023-08-26 21:47:13]:[DEBUG]:[Unsetting used variables]
[2023-08-26 21:47:14]:[DEBUG]:[Log level assigned to debug]
[2023-08-26 21:47:14]:[INFO]:[Configuration file found loading /home/administrator/scripts/remote_admin/var/conf/ra.administrator.conf]
[2023-08-26 21:47:14]:[DEBUG]:[ANSI Colors loaded]
[2023-08-26 21:47:14]:[DEBUG]:[Remote Admin v.2.0 configuration file loaded from /home/administrator/scripts/remote_admin/var/conf/ra.administrator.conf]
[2023-08-26 21:47:14]:[DEBUG]:[Remote Admin is located in /home/administrator/scripts/remote_admin and started at 1693100834.053]
[2023-08-26 21:47:14]:[DEBUG]:[Remote Admin is reporting 33 lines and 133 columns]
[2023-08-26 21:47:14]:[INFO]:[Remote Admin v.2.0 startup completed]
[2023-08-26 21:47:23]:[DEBUG]:["Local System" was selected]
[2023-08-26 21:47:25]:[DEBUG]:["Return to System Menu" was selected]
[2023-08-26 21:47:36]:[DEBUG]:["Application Settings" was selected]
[2023-08-26 21:47:37]:[DEBUG]:["Return to System Menu" was selected]
[2023-08-26 21:49:40]:[DEBUG]:["Exit Remote Admin" was selected]
[2023-08-26 21:49:40]:[INFO]:[Remote Admin closing - total run time: 00h 02m 26.229s]
[2023-08-26 21:49:40]:[DEBUG]:[Unsetting used variables]
[2023-08-26 21:49:40]:[DEBUG]:[Log level assigned to debug]
[2023-08-26 21:49:40]:[INFO]:[Configuration file found loading /home/administrator/scripts/remote_admin/var/conf/ra.administrator.conf]
[2023-08-26 21:49:40]:[DEBUG]:[ANSI Colors loaded]
[2023-08-26 21:49:40]:[DEBUG]:[Remote Admin v.2.0 configuration file loaded from /home/administrator/scripts/remote_admin/var/conf/ra.administrator.conf]
[2023-08-26 21:49:40]:[DEBUG]:[Remote Admin is located in /home/administrator/scripts/remote_admin and started at 1693100980.966]
[2023-08-26 21:49:40]:[DEBUG]:[Remote Admin is reporting 33 lines and 133 columns]
[2023-08-26 21:49:40]:[INFO]:[Remote Admin v.2.0 startup completed]
[2023-08-26 21:49:42]:[DEBUG]:["Local System" was selected]
[2023-08-26 21:49:44]:[DEBUG]:["Return to System Menu" was selected]
[2023-08-26 21:49:45]:[DEBUG]:["Settings" was selected]
[2023-08-26 21:49:50]:[DEBUG]:["Return to System Menu" was selected]
[2023-08-26 21:50:19]:[DEBUG]:["Exit Remote Admin" was selected]
[2023-08-26 21:50:19]:[INFO]:[Remote Admin closing - total run time: 00h 00m 38.250s]
[2023-08-26 21:50:19]:[DEBUG]:[Unsetting used variables]
[2023-08-26 21:50:19]:[DEBUG]:[Log level assigned to debug]
[2023-08-26 21:50:19]:[INFO]:[Configuration file found loading /home/administrator/scripts/remote_admin/var/conf/ra.administrator.conf]
[2023-08-26 21:50:19]:[DEBUG]:[ANSI Colors loaded]
[2023-08-26 21:50:19]:[DEBUG]:[Remote Admin v.2.0 configuration file loaded from /home/administrator/scripts/remote_admin/var/conf/ra.administrator.conf]
[2023-08-26 21:50:19]:[DEBUG]:[Remote Admin is located in /home/administrator/scripts/remote_admin and started at 1693101019.862]
[2023-08-26 21:50:19]:[DEBUG]:[Remote Admin is reporting 33 lines and 133 columns]
[2023-08-26 21:50:19]:[INFO]:[Remote Admin v.2.0 startup completed]
[2023-08-26 21:50:22]:[DEBUG]:["Settings" was selected]
[2023-08-26 22:07:12]:[DEBUG]:["Exit Remote Admin" was selected]
[2023-08-26 22:07:12]:[INFO]:[Remote Admin closing - total run time: 00h 16m 53.005s]
[2023-08-26 22:07:12]:[DEBUG]:[Unsetting used variables]
[2023-08-26 22:07:13]:[DEBUG]:[Log level assigned to debug]
[2023-08-26 22:07:13]:[INFO]:[Configuration file found loading /home/administrator/scripts/remote_admin/var/conf/ra.administrator.conf]
[2023-08-26 22:07:13]:[DEBUG]:[ANSI Colors loaded]
[2023-08-26 22:07:13]:[DEBUG]:[Remote Admin v.2.0 configuration file loaded from /home/administrator/scripts/remote_admin/var/conf/ra.administrator.conf]
[2023-08-26 22:07:13]:[DEBUG]:[Remote Admin is located in /home/administrator/scripts/remote_admin and started at 1693102033.602]
[2023-08-26 22:07:13]:[DEBUG]:[Remote Admin is reporting 33 lines and 133 columns]
[2023-08-26 22:07:13]:[INFO]:[Remote Admin v.2.0 startup completed]
[2023-08-26 22:07:22]:[DEBUG]:["Settings" was selected]
[2023-08-26 22:07:35]:[DEBUG]:["Return to System Menu" was selected]
[2023-08-26 22:07:37]:[DEBUG]:["Exit Remote Admin" was selected]
[2023-08-26 22:07:37]:[INFO]:[Remote Admin closing - total run time: 00h 00m 23.537s]
[2023-08-26 22:07:37]:[DEBUG]:[Unsetting used variables]
[2023-08-26 22:09:25]:[DEBUG]:[Log level assigned to debug]
[2023-08-26 22:09:25]:[INFO]:[Configuration file found loading /home/administrator/scripts/remote_admin/var/conf/ra.administrator.conf]
[2023-08-26 22:09:25]:[DEBUG]:[ANSI Colors loaded]
[2023-08-26 22:09:25]:[DEBUG]:[Remote Admin v.2.0 configuration file loaded from /home/administrator/scripts/remote_admin/var/conf/ra.administrator.conf]
[2023-08-26 22:09:25]:[DEBUG]:[Remote Admin is located in /home/administrator/scripts/remote_admin and started at 1693102165.713]
[2023-08-26 22:09:25]:[DEBUG]:[Remote Admin is reporting 33 lines and 133 columns]
[2023-08-26 22:09:25]:[INFO]:[Remote Admin v.2.0 startup completed]
[2023-08-26 22:09:37]:[DEBUG]:["Local System" was selected]
[2023-08-26 22:09:44]:[DEBUG]:["Return to System Menu" was selected]
[2023-08-26 22:09:46]:[DEBUG]:["Remote Systems" was selected]
[2023-08-26 22:09:52]:[DEBUG]:["Load from SSH Config" was selected]
[2023-08-26 22:09:54]:[DEBUG]:[Log level assigned to debug]
[2023-08-26 22:09:54]:[INFO]:[Configuration file found loading /home/administrator/scripts/remote_admin/var/conf/ra.administrator.conf]
[2023-08-26 22:09:54]:[DEBUG]:[ANSI Colors loaded]
[2023-08-26 22:09:54]:[DEBUG]:[Remote Admin v.2.0 configuration file loaded from /home/administrator/scripts/remote_admin/var/conf/ra.administrator.conf]
[2023-08-26 22:09:54]:[DEBUG]:[Remote Admin is located in /home/administrator/scripts/remote_admin and started at 1693102194.023]
[2023-08-26 22:09:54]:[DEBUG]:[Remote Admin is reporting 33 lines and 133 columns]
[2023-08-26 22:09:54]:[INFO]:[Remote Admin v.2.0 startup completed]
[2023-08-26 22:09:55]:[DEBUG]:["Settings" was selected]
[2023-08-26 22:09:57]:[DEBUG]:["Change Username" was selected]
[2023-08-26 22:09:59]:[INFO]:[Username was changed to ]
[2023-08-26 22:10:08]:[DEBUG]:["Return to System Menu" was selected]
[2023-08-26 22:10:10]:[DEBUG]:["Exit Remote Admin" was selected]
[2023-08-26 22:10:10]:[INFO]:[Remote Admin closing - total run time: 00h 00m 16.553s]
[2023-08-26 22:10:10]:[DEBUG]:[Unsetting used variables]
[2023-08-26 22:21:41]:[DEBUG]:[Log level assigned to debug]
[2023-08-26 22:21:41]:[INFO]:[Configuration file found loading /home/administrator/scripts/remote_admin/var/conf/ra.administrator.conf]
[2023-08-26 22:21:41]:[DEBUG]:[ANSI Colors loaded]
[2023-08-26 22:21:41]:[DEBUG]:[Remote Admin v.2.0 configuration file loaded from /home/administrator/scripts/remote_admin/var/conf/ra.administrator.conf]
[2023-08-26 22:21:41]:[DEBUG]:[Remote Admin is located in /home/administrator/scripts/remote_admin and started at 1693102901.648]
[2023-08-26 22:21:41]:[DEBUG]:[Remote Admin is reporting 33 lines and 133 columns]
[2023-08-26 22:21:41]:[INFO]:[Remote Admin v.2.0 startup completed]
[2023-08-26 22:21:43]:[DEBUG]:["Help Manual" was selected]
[2023-08-26 22:21:45]:[DEBUG]:[Log level assigned to debug]
[2023-08-26 22:21:45]:[INFO]:[Configuration file found loading /home/administrator/scripts/remote_admin/var/conf/ra.administrator.conf]
[2023-08-26 22:21:45]:[DEBUG]:[ANSI Colors loaded]
[2023-08-26 22:21:45]:[DEBUG]:[Remote Admin v.2.0 configuration file loaded from /home/administrator/scripts/remote_admin/var/conf/ra.administrator.conf]
[2023-08-26 22:21:45]:[DEBUG]:[Remote Admin is located in /home/administrator/scripts/remote_admin and started at 1693102905.361]
[2023-08-26 22:21:45]:[DEBUG]:[Remote Admin is reporting 33 lines and 133 columns]
[2023-08-26 22:21:45]:[INFO]:[Remote Admin v.2.0 startup completed]
[2023-08-26 22:21:47]:[DEBUG]:["Remote Systems" was selected]
[2023-08-26 22:21:48]:[DEBUG]:["Help Manual" was selected]
[2023-08-26 22:23:04]:[DEBUG]:[Log level assigned to debug]
[2023-08-26 22:23:04]:[INFO]:[Configuration file found loading /home/administrator/scripts/remote_admin/var/conf/ra.administrator.conf]
[2023-08-26 22:23:04]:[DEBUG]:[ANSI Colors loaded]
[2023-08-26 22:23:04]:[DEBUG]:[Remote Admin v.2.0 configuration file loaded from /home/administrator/scripts/remote_admin/var/conf/ra.administrator.conf]
[2023-08-26 22:23:04]:[DEBUG]:[Remote Admin is located in /home/administrator/scripts/remote_admin and started at 1693102984.745]
[2023-08-26 22:23:04]:[DEBUG]:[Remote Admin is reporting 33 lines and 133 columns]
[2023-08-26 22:23:04]:[INFO]:[Remote Admin v.2.0 startup completed]
[2023-08-26 22:23:06]:[DEBUG]:["Help Manual" was selected]
[2023-08-26 22:23:10]:[DEBUG]:["Help Manual" was selected]
[2023-08-26 22:23:16]:[DEBUG]:["Remote Systems" was selected]
[2023-08-26 22:23:18]:[DEBUG]:["Help Manual" was selected]
[2023-08-26 22:23:58]:[DEBUG]:["Exit Remote Admin" was selected]
[2023-08-26 22:23:58]:[INFO]:[Remote Admin closing - total run time: 00h 00m 53.538s]
[2023-08-26 22:23:58]:[DEBUG]:[Unsetting used variables]
[2023-08-26 22:23:58]:[DEBUG]:[Log level assigned to debug]
[2023-08-26 22:23:58]:[INFO]:[Configuration file found loading /home/administrator/scripts/remote_admin/var/conf/ra.administrator.conf]
[2023-08-26 22:23:58]:[DEBUG]:[ANSI Colors loaded]
[2023-08-26 22:23:58]:[DEBUG]:[Remote Admin v.2.0 configuration file loaded from /home/administrator/scripts/remote_admin/var/conf/ra.administrator.conf]
[2023-08-26 22:23:58]:[DEBUG]:[Remote Admin is located in /home/administrator/scripts/remote_admin and started at 1693103038.769]
[2023-08-26 22:23:58]:[DEBUG]:[Remote Admin is reporting 33 lines and 133 columns]
[2023-08-26 22:23:58]:[INFO]:[Remote Admin v.2.0 startup completed]
[2023-08-26 22:24:00]:[DEBUG]:["Remote Systems" was selected]
[2023-08-26 22:24:01]:[DEBUG]:["Help Manual" was selected]
[2023-08-26 22:24:06]:[DEBUG]:["Return to System Menu" was selected]
[2023-08-26 22:24:08]:[DEBUG]:["Settings" was selected]
[2023-08-26 22:24:10]:[DEBUG]:["Help Manual" was selected]
[2023-08-26 22:24:17]:[DEBUG]:["Exit Remote Admin" was selected]
[2023-08-26 22:24:17]:[INFO]:[Remote Admin closing - total run time: 00h 00m 18.508s]
[2023-08-26 22:24:17]:[DEBUG]:[Unsetting used variables]
