[2023-08-28 03:59:44]:[DEBUG]:[Log level assigned to debug]
[2023-08-28 03:59:44]:[INFO]:[Configuration file found loading /home/administrator/scripts/remote_admin/var/conf/ra.administrator.conf]
[2023-08-28 03:59:44]:[DEBUG]:[ANSI Colors loaded]
[2023-08-28 03:59:44]:[DEBUG]:[Remote Admin v.2.0 configuration file loaded from /home/administrator/scripts/remote_admin/var/conf/ra.administrator.conf]
[2023-08-28 03:59:44]:[DEBUG]:[Remote Admin is located in /home/administrator/scripts/remote_admin and started at 1693209584.689]
[2023-08-28 03:59:44]:[DEBUG]:[Remote Admin is reporting 37 lines and 132 columns]
[2023-08-28 03:59:44]:[INFO]:[Remote Admin v.2.0 startup completed]
[2023-08-28 03:59:45]:[DEBUG]:["Local System" was selected]
[2023-08-28 03:59:47]:[DEBUG]:["System Information" was selected]
[2023-08-28 04:00:02]:[DEBUG]:["Check Resources" was selected]
[2023-08-28 04:00:03]:[DEBUG]:["Run a diagnostic" was selected]
[2023-08-28 04:00:03]:[INFO]:[System Diagnostics Started]
[2023-08-28 04:00:03]:[INFO]:[Failed services: \n● glances.service loaded failed failed Glances]
[2023-08-28 04:00:04]:[INFO]:[Failed services: \n● glances.service loaded failed failed Glances]
[2023-08-28 04:00:05]:[INFO]:[Failed services: \n● glances.service loaded failed failed Glances]
[2023-08-28 04:00:06]:[INFO]:[Failed services: \n● glances.service loaded failed failed Glances]
[2023-08-28 04:00:06]:[INFO]:[Failed services: \n● glances.service loaded failed failed Glances]
[2023-08-28 04:00:07]:[INFO]:[Failed services: \n● glances.service loaded failed failed Glances]
[2023-08-28 04:00:08]:[INFO]:[Failed services: \n● glances.service loaded failed failed Glances]
[2023-08-28 04:00:09]:[INFO]:[Failed services: \n● glances.service loaded failed failed Glances]
[2023-08-28 04:00:21]:[DEBUG]:["Check for Errors" was selected]
[2023-08-28 04:00:43]:[DEBUG]:["Return to System Menu" was selected]
[2023-08-28 04:00:45]:[DEBUG]:["Remote Systems" was selected]
[2023-08-28 04:00:46]:[DEBUG]:["Enter a Host" was selected]
[2023-08-28 04:00:46]:[INFO]:[System Diagnostics Started]
[2023-08-28 04:00:50]:[DEBUG]:["Remote Systems" was selected]
[2023-08-28 04:01:07]:[DEBUG]:["Load from SSH Config" was selected]
[2023-08-28 04:01:09]:[DEBUG]:["Remote Systems" was selected]
[2023-08-28 04:01:18]:[DEBUG]:["Return to System Menu" was selected]
[2023-08-28 04:01:19]:[DEBUG]:["Remote Systems" was selected]
[2023-08-28 04:01:26]:[DEBUG]:["Return to System Menu" was selected]
[2023-08-28 04:01:28]:[DEBUG]:["Settings" was selected]
[2023-08-28 04:01:30]:[DEBUG]:["Edit SSH Config" was selected]
[2023-08-28 04:01:46]:[DEBUG]:["Exit Remote Admin" was selected]
[2023-08-28 04:01:46]:[INFO]:[Remote Admin closing - total run time: 00h 02m 01.882s]
[2023-08-28 04:01:46]:[DEBUG]:[Unsetting used variables]
[2023-08-28 04:42:21]:[DEBUG]:[Log level assigned to debug]
[2023-08-28 04:42:21]:[INFO]:[Configuration file found loading /home/administrator/scripts/remote_admin/var/conf/ra.administrator.conf]
[2023-08-28 04:42:21]:[DEBUG]:[ANSI Colors loaded]
[2023-08-28 04:42:21]:[DEBUG]:[Remote Admin v.2.0 configuration file loaded from /home/administrator/scripts/remote_admin/var/conf/ra.administrator.conf]
[2023-08-28 04:42:21]:[DEBUG]:[Remote Admin is located in /home/administrator/scripts/remote_admin and started at 1693212141.069]
[2023-08-28 04:42:21]:[DEBUG]:[Remote Admin is reporting 37 lines and 132 columns]
[2023-08-28 04:42:21]:[INFO]:[Remote Admin v.2.0 startup completed]
[2023-08-28 04:42:24]:[DEBUG]:["Remote Systems" was selected]
[2023-08-28 04:43:00]:[DEBUG]:["Exit Remote Admin" was selected]
[2023-08-28 04:43:20]:[DEBUG]:[Log level assigned to debug]
[2023-08-28 04:43:20]:[INFO]:[Configuration file found loading /home/administrator/scripts/remote_admin/var/conf/ra.administrator.conf]
[2023-08-28 04:43:20]:[DEBUG]:[ANSI Colors loaded]
[2023-08-28 04:43:20]:[DEBUG]:[Remote Admin v.2.0 configuration file loaded from /home/administrator/scripts/remote_admin/var/conf/ra.administrator.conf]
[2023-08-28 04:43:20]:[DEBUG]:[Remote Admin is located in /home/administrator/scripts/remote_admin and started at 1693212200.400]
[2023-08-28 04:43:20]:[DEBUG]:[Remote Admin is reporting 37 lines and 132 columns]
[2023-08-28 04:43:20]:[INFO]:[Remote Admin v.2.0 startup completed]
[2023-08-28 04:48:13]:[DEBUG]:["Exit Remote Admin" was selected]
[2023-08-28 04:48:13]:[INFO]:[Remote Admin closing - total run time: 00h 04m 53.104s]
[2023-08-28 04:48:13]:[DEBUG]:[Unsetting used variables]
[2023-08-28 04:48:14]:[DEBUG]:[Log level assigned to debug]
[2023-08-28 04:48:14]:[INFO]:[Configuration file found loading /home/administrator/scripts/remote_admin/var/conf/ra.administrator.conf]
[2023-08-28 04:48:14]:[DEBUG]:[ANSI Colors loaded]
[2023-08-28 04:48:14]:[DEBUG]:[Remote Admin v.2.0 configuration file loaded from /home/administrator/scripts/remote_admin/var/conf/ra.administrator.conf]
[2023-08-28 04:48:14]:[DEBUG]:[Remote Admin is located in /home/administrator/scripts/remote_admin and started at 1693212494.191]
[2023-08-28 04:48:14]:[DEBUG]:[Remote Admin is reporting 37 lines and 132 columns]
[2023-08-28 04:48:14]:[INFO]:[Remote Admin v.2.0 startup completed]
[2023-08-28 04:48:25]:[DEBUG]:["Exit Remote Admin" was selected]
[2023-08-28 04:48:25]:[INFO]:[Remote Admin closing - total run time: 00h 00m 11.514s]
[2023-08-28 04:48:25]:[DEBUG]:[Unsetting used variables]
[2023-08-28 04:48:48]:[DEBUG]:[Log level assigned to debug]
[2023-08-28 04:48:48]:[INFO]:[Configuration file found loading /home/administrator/scripts/remote_admin/var/conf/ra.administrator.conf]
[2023-08-28 04:48:48]:[DEBUG]:[ANSI Colors loaded]
[2023-08-28 04:48:48]:[DEBUG]:[Remote Admin v.2.0 configuration file loaded from /home/administrator/scripts/remote_admin/var/conf/ra.administrator.conf]
[2023-08-28 04:48:48]:[DEBUG]:[Remote Admin is located in /home/administrator/scripts/remote_admin and started at 1693212528.030]
[2023-08-28 04:48:48]:[DEBUG]:[Remote Admin is reporting 37 lines and 132 columns]
[2023-08-28 04:48:48]:[INFO]:[Remote Admin v.2.0 startup completed]
[2023-08-28 04:49:08]:[DEBUG]:["Exit Remote Admin" was selected]
[2023-08-28 04:49:08]:[DEBUG]:[Log level assigned to debug]
[2023-08-28 04:49:08]:[INFO]:[Configuration file found loading /home/administrator/scripts/remote_admin/var/conf/ra.administrator.conf]
[2023-08-28 04:49:08]:[DEBUG]:[ANSI Colors loaded]
[2023-08-28 04:49:08]:[DEBUG]:[Remote Admin v.2.0 configuration file loaded from /home/administrator/scripts/remote_admin/var/conf/ra.administrator.conf]
[2023-08-28 04:49:08]:[DEBUG]:[Remote Admin is located in /home/administrator/scripts/remote_admin and started at 1693212548.735]
[2023-08-28 04:49:08]:[DEBUG]:[Remote Admin is reporting 37 lines and 132 columns]
[2023-08-28 04:49:08]:[INFO]:[Remote Admin v.2.0 startup completed]
[2023-08-28 04:49:19]:[DEBUG]:["Exit Remote Admin" was selected]
[2023-08-28 04:49:19]:[INFO]:[Remote Admin closing - total run time: 00h 00m 10.721s]
[2023-08-28 04:49:19]:[DEBUG]:[Unsetting used variables]
[2023-08-28 04:49:27]:[DEBUG]:[Log level assigned to debug]
[2023-08-28 04:49:27]:[INFO]:[Configuration file found loading /home/administrator/scripts/remote_admin/var/conf/ra.administrator.conf]
[2023-08-28 04:49:27]:[DEBUG]:[ANSI Colors loaded]
[2023-08-28 04:49:27]:[DEBUG]:[Remote Admin v.2.0 configuration file loaded from /home/administrator/scripts/remote_admin/var/conf/ra.administrator.conf]
[2023-08-28 04:49:27]:[DEBUG]:[Remote Admin is located in /home/administrator/scripts/remote_admin and started at 1693212567.575]
[2023-08-28 04:49:27]:[DEBUG]:[Remote Admin is reporting 37 lines and 132 columns]
[2023-08-28 04:49:27]:[INFO]:[Remote Admin v.2.0 startup completed]
[2023-08-28 04:49:34]:[DEBUG]:["Exit Remote Admin" was selected]
[2023-08-28 04:49:34]:[INFO]:[Remote Admin closing - total run time: 00h 00m 06.954s]
[2023-08-28 04:49:34]:[DEBUG]:[Unsetting used variables]
[2023-08-28 04:49:44]:[DEBUG]:[Log level assigned to debug]
[2023-08-28 04:49:44]:[INFO]:[Configuration file found loading /home/administrator/scripts/remote_admin/var/conf/ra.administrator.conf]
[2023-08-28 04:49:44]:[DEBUG]:[ANSI Colors loaded]
[2023-08-28 04:49:44]:[DEBUG]:[Remote Admin v.2.0 configuration file loaded from /home/administrator/scripts/remote_admin/var/conf/ra.administrator.conf]
[2023-08-28 04:49:44]:[DEBUG]:[Remote Admin is located in /home/administrator/scripts/remote_admin and started at 1693212584.022]
[2023-08-28 04:49:44]:[DEBUG]:[Remote Admin is reporting 37 lines and 132 columns]
[2023-08-28 04:49:44]:[INFO]:[Remote Admin v.2.0 startup completed]
[2023-08-28 04:49:49]:[DEBUG]:["Exit Remote Admin" was selected]
[2023-08-28 04:49:49]:[INFO]:[Remote Admin closing - total run time: 00h 00m 05.223s]
[2023-08-28 04:49:49]:[DEBUG]:[Unsetting used variables]
[2023-08-28 04:50:00]:[DEBUG]:[Log level assigned to debug]
[2023-08-28 04:50:00]:[INFO]:[Configuration file found loading /home/administrator/scripts/remote_admin/var/conf/ra.administrator.conf]
[2023-08-28 04:50:00]:[DEBUG]:[ANSI Colors loaded]
[2023-08-28 04:50:00]:[DEBUG]:[Remote Admin v.2.0 configuration file loaded from /home/administrator/scripts/remote_admin/var/conf/ra.administrator.conf]
[2023-08-28 04:50:00]:[DEBUG]:[Remote Admin is located in /home/administrator/scripts/remote_admin and started at 1693212600.622]
[2023-08-28 04:50:00]:[DEBUG]:[Remote Admin is reporting 37 lines and 132 columns]
[2023-08-28 04:50:00]:[INFO]:[Remote Admin v.2.0 startup completed]
[2023-08-28 04:50:11]:[DEBUG]:["Exit Remote Admin" was selected]
[2023-08-28 04:50:11]:[INFO]:[Remote Admin closing - total run time: 00h 00m 10.596s]
[2023-08-28 04:50:11]:[DEBUG]:[Unsetting used variables]
[2023-08-28 04:52:18]:[DEBUG]:[Log level assigned to debug]
[2023-08-28 04:52:18]:[INFO]:[Configuration file found loading /home/administrator/scripts/remote_admin/var/conf/ra.administrator.conf]
[2023-08-28 04:52:18]:[DEBUG]:[ANSI Colors loaded]
[2023-08-28 04:52:18]:[DEBUG]:[Remote Admin v.2.0 configuration file loaded from /home/administrator/scripts/remote_admin/var/conf/ra.administrator.conf]
[2023-08-28 04:52:18]:[DEBUG]:[Remote Admin is located in /home/administrator/scripts/remote_admin and started at 1693212738.152]
[2023-08-28 04:52:18]:[DEBUG]:[Remote Admin is reporting 37 lines and 132 columns]
[2023-08-28 04:52:18]:[INFO]:[Remote Admin v.2.0 startup completed]
[2023-08-28 04:52:38]:[DEBUG]:["Exit Remote Admin" was selected]
[2023-08-28 04:52:38]:[INFO]:[Remote Admin closing - total run time: 00h 00m 20.162s]
[2023-08-28 04:52:38]:[DEBUG]:[Unsetting used variables]
[2023-08-28 04:52:45]:[DEBUG]:[Log level assigned to debug]
[2023-08-28 04:52:45]:[INFO]:[Configuration file found loading /home/administrator/scripts/remote_admin/var/conf/ra.administrator.conf]
[2023-08-28 04:52:45]:[DEBUG]:[ANSI Colors loaded]
[2023-08-28 04:52:45]:[DEBUG]:[Remote Admin v.2.0 configuration file loaded from /home/administrator/scripts/remote_admin/var/conf/ra.administrator.conf]
[2023-08-28 04:52:45]:[DEBUG]:[Remote Admin is located in /home/administrator/scripts/remote_admin and started at 1693212765.688]
[2023-08-28 04:52:45]:[DEBUG]:[Remote Admin is reporting 37 lines and 132 columns]
[2023-08-28 04:52:45]:[INFO]:[Remote Admin v.2.0 startup completed]
[2023-08-28 04:52:49]:[DEBUG]:["Exit Remote Admin" was selected]
[2023-08-28 04:52:49]:[INFO]:[Remote Admin closing - total run time: 00h 00m 04.122s]
[2023-08-28 04:52:49]:[DEBUG]:[Unsetting used variables]
[2023-08-28 04:53:10]:[DEBUG]:[Log level assigned to debug]
[2023-08-28 04:53:10]:[INFO]:[Configuration file found loading /home/administrator/scripts/remote_admin/var/conf/ra.administrator.conf]
[2023-08-28 04:53:10]:[DEBUG]:[ANSI Colors loaded]
[2023-08-28 04:53:10]:[DEBUG]:[Remote Admin v.2.0 configuration file loaded from /home/administrator/scripts/remote_admin/var/conf/ra.administrator.conf]
[2023-08-28 04:53:10]:[DEBUG]:[Remote Admin is located in /home/administrator/scripts/remote_admin and started at 1693212790.954]
[2023-08-28 04:53:10]:[DEBUG]:[Remote Admin is reporting 37 lines and 132 columns]
[2023-08-28 04:53:10]:[INFO]:[Remote Admin v.2.0 startup completed]
[2023-08-28 04:53:13]:[DEBUG]:["Remote Systems" was selected]
[2023-08-28 04:53:15]:[DEBUG]:["Exit Remote Admin" was selected]
[2023-08-28 04:53:15]:[INFO]:[Remote Admin closing - total run time: 00h 00m 04.320s]
[2023-08-28 04:53:15]:[DEBUG]:[Unsetting used variables]
[2023-08-28 04:54:55]:[DEBUG]:[Log level assigned to debug]
[2023-08-28 04:54:55]:[INFO]:[Configuration file found loading /home/administrator/scripts/remote_admin/var/conf/ra.administrator.conf]
[2023-08-28 04:54:55]:[DEBUG]:[ANSI Colors loaded]
[2023-08-28 04:54:55]:[DEBUG]:[Remote Admin v.2.0 configuration file loaded from /home/administrator/scripts/remote_admin/var/conf/ra.administrator.conf]
[2023-08-28 04:54:55]:[DEBUG]:[Remote Admin is located in /home/administrator/scripts/remote_admin and started at 1693212895.308]
[2023-08-28 04:54:55]:[DEBUG]:[Remote Admin is reporting 37 lines and 132 columns]
[2023-08-28 04:54:55]:[INFO]:[Remote Admin v.2.0 startup completed]
[2023-08-28 04:55:30]:[DEBUG]:["Exit Remote Admin" was selected]
[2023-08-28 04:55:30]:[INFO]:[Remote Admin closing - total run time: 00h 00m 35.676s]
[2023-08-28 04:55:30]:[DEBUG]:[Unsetting used variables]
[2023-08-28 04:55:31]:[DEBUG]:[Log level assigned to debug]
[2023-08-28 04:55:31]:[INFO]:[Configuration file found loading /home/administrator/scripts/remote_admin/var/conf/ra.administrator.conf]
[2023-08-28 04:55:31]:[DEBUG]:[ANSI Colors loaded]
[2023-08-28 04:55:31]:[DEBUG]:[Remote Admin v.2.0 configuration file loaded from /home/administrator/scripts/remote_admin/var/conf/ra.administrator.conf]
[2023-08-28 04:55:31]:[DEBUG]:[Remote Admin is located in /home/administrator/scripts/remote_admin and started at 1693212931.699]
[2023-08-28 04:55:31]:[DEBUG]:[Remote Admin is reporting 37 lines and 132 columns]
[2023-08-28 04:55:31]:[INFO]:[Remote Admin v.2.0 startup completed]
[2023-08-28 04:55:34]:[DEBUG]:["Exit Remote Admin" was selected]
[2023-08-28 04:55:34]:[INFO]:[Remote Admin closing - total run time: 00h 00m 02.687s]
[2023-08-28 04:55:34]:[DEBUG]:[Unsetting used variables]
[2023-08-28 04:56:49]:[DEBUG]:[Log level assigned to debug]
[2023-08-28 04:56:49]:[INFO]:[Configuration file found loading /home/administrator/scripts/remote_admin/var/conf/ra.administrator.conf]
[2023-08-28 04:56:49]:[DEBUG]:[ANSI Colors loaded]
[2023-08-28 04:56:49]:[DEBUG]:[Remote Admin v.2.0 configuration file loaded from /home/administrator/scripts/remote_admin/var/conf/ra.administrator.conf]
[2023-08-28 04:56:49]:[DEBUG]:[Remote Admin is located in /home/administrator/scripts/remote_admin and started at 1693213009.490]
[2023-08-28 04:56:49]:[DEBUG]:[Remote Admin is reporting 37 lines and 132 columns]
[2023-08-28 04:56:49]:[INFO]:[Remote Admin v.2.0 startup completed]
[2023-08-28 04:58:07]:[DEBUG]:["Exit Remote Admin" was selected]
[2023-08-28 04:58:07]:[INFO]:[Remote Admin closing - total run time: 00h 01m 18.298s]
[2023-08-28 04:58:07]:[DEBUG]:[Unsetting used variables]
[2023-08-28 05:01:38]:[DEBUG]:[Log level assigned to debug]
[2023-08-28 05:01:38]:[INFO]:[Configuration file found loading /home/administrator/scripts/remote_admin/var/conf/ra.administrator.conf]
[2023-08-28 05:01:38]:[DEBUG]:[ANSI Colors loaded]
[2023-08-28 05:01:38]:[DEBUG]:[Remote Admin v.2.0 configuration file loaded from /home/administrator/scripts/remote_admin/var/conf/ra.administrator.conf]
[2023-08-28 05:01:38]:[DEBUG]:[Remote Admin is located in /home/administrator/scripts/remote_admin and started at 1693213298.971]
[2023-08-28 05:01:38]:[DEBUG]:[Remote Admin is reporting 37 lines and 132 columns]
[2023-08-28 05:01:38]:[INFO]:[Remote Admin v.2.0 startup completed]
[2023-08-28 05:01:43]:[DEBUG]:["Exit Remote Admin" was selected]
[2023-08-28 05:01:43]:[INFO]:[Remote Admin closing - total run time: 00h 00m 04.078s]
[2023-08-28 05:01:43]:[DEBUG]:[Unsetting used variables]
[2023-08-28 05:01:54]:[DEBUG]:[Log level assigned to debug]
[2023-08-28 05:01:54]:[INFO]:[Configuration file found loading /home/administrator/scripts/remote_admin/var/conf/ra.administrator.conf]
[2023-08-28 05:01:54]:[DEBUG]:[ANSI Colors loaded]
[2023-08-28 05:01:54]:[DEBUG]:[Remote Admin v.2.0 configuration file loaded from /home/administrator/scripts/remote_admin/var/conf/ra.administrator.conf]
[2023-08-28 05:01:54]:[DEBUG]:[Remote Admin is located in /home/administrator/scripts/remote_admin and started at 1693213314.050]
[2023-08-28 05:01:54]:[DEBUG]:[Remote Admin is reporting 37 lines and 132 columns]
[2023-08-28 05:01:54]:[INFO]:[Remote Admin v.2.0 startup completed]
[2023-08-28 05:02:18]:[DEBUG]:["Settings" was selected]
[2023-08-28 05:02:21]:[DEBUG]:["Exit Remote Admin" was selected]
[2023-08-28 05:02:21]:[INFO]:[Remote Admin closing - total run time: 00h 00m 27.231s]
[2023-08-28 05:02:21]:[DEBUG]:[Unsetting used variables]
[2023-08-28 05:03:15]:[DEBUG]:[Log level assigned to debug]
[2023-08-28 05:03:15]:[INFO]:[Configuration file found loading /home/administrator/scripts/remote_admin/var/conf/ra.administrator.conf]
[2023-08-28 05:03:15]:[DEBUG]:[ANSI Colors loaded]
[2023-08-28 05:03:15]:[DEBUG]:[Remote Admin v.2.0 configuration file loaded from /home/administrator/scripts/remote_admin/var/conf/ra.administrator.conf]
[2023-08-28 05:03:15]:[DEBUG]:[Remote Admin is located in /home/administrator/scripts/remote_admin and started at 1693213395.820]
[2023-08-28 05:03:15]:[DEBUG]:[Remote Admin is reporting 37 lines and 132 columns]
[2023-08-28 05:03:15]:[INFO]:[Remote Admin v.2.0 startup completed]
[2023-08-28 05:03:17]:[DEBUG]:["Settings" was selected]
[2023-08-28 05:03:19]:[DEBUG]:["Change Username" was selected]
[2023-08-28 05:03:24]:[INFO]:[Username was changed to jessica]
[2023-08-28 05:03:24]:[DEBUG]:[Username jessica was written to config file]
[2023-08-28 05:03:24]:[DEBUG]:[Log level assigned to debug]
[2023-08-28 05:03:24]:[INFO]:[Saved configuration file /home/administrator/scripts/remote_admin/var/conf/ra.administrator.conf]
[2023-08-28 05:03:28]:[DEBUG]:["Change Username" was selected]
[2023-08-28 05:03:32]:[INFO]:[Username was changed to administrator]
[2023-08-28 05:03:32]:[DEBUG]:[Username administrator was written to config file]
[2023-08-28 05:03:32]:[DEBUG]:[Log level assigned to debug]
[2023-08-28 05:03:32]:[INFO]:[Saved configuration file /home/administrator/scripts/remote_admin/var/conf/ra.administrator.conf]
[2023-08-28 05:03:49]:[DEBUG]:["Return to System Menu" was selected]
[2023-08-28 05:04:13]:[DEBUG]:["Settings" was selected]
[2023-08-28 05:04:44]:[DEBUG]:["Return to System Menu" was selected]
[2023-08-28 05:04:46]:[DEBUG]:["Local System" was selected]
[2023-08-28 05:04:49]:[DEBUG]:["System Information" was selected]
[2023-08-28 05:05:25]:[DEBUG]:["Return to System Menu" was selected]
[2023-08-28 05:05:26]:[DEBUG]:["Remote Systems" was selected]
[2023-08-28 05:05:37]:[DEBUG]:["Return to System Menu" was selected]
[2023-08-28 05:05:42]:[DEBUG]:["Exit Remote Admin" was selected]
[2023-08-28 05:05:42]:[INFO]:[Remote Admin closing - total run time: 00h 02m 26.331s]
[2023-08-28 05:05:42]:[DEBUG]:[Unsetting used variables]
[2023-08-28 05:05:44]:[DEBUG]:[Log level assigned to debug]
[2023-08-28 05:05:44]:[INFO]:[Configuration file found loading /home/administrator/scripts/remote_admin/var/conf/ra.administrator.conf]
[2023-08-28 05:05:44]:[DEBUG]:[ANSI Colors loaded]
[2023-08-28 05:05:44]:[DEBUG]:[Remote Admin v.2.0 configuration file loaded from /home/administrator/scripts/remote_admin/var/conf/ra.administrator.conf]
[2023-08-28 05:05:44]:[DEBUG]:[Remote Admin is located in /home/administrator/scripts/remote_admin and started at 1693213544.429]
[2023-08-28 05:05:44]:[DEBUG]:[Remote Admin is reporting 37 lines and 132 columns]
[2023-08-28 05:05:44]:[INFO]:[Remote Admin v.2.0 startup completed]
[2023-08-28 05:05:50]:[DEBUG]:["Exit Remote Admin" was selected]
[2023-08-28 05:05:50]:[INFO]:[Remote Admin closing - total run time: 00h 00m 05.955s]
[2023-08-28 05:05:50]:[DEBUG]:[Unsetting used variables]
[2023-08-28 05:06:18]:[DEBUG]:[Log level assigned to debug]
[2023-08-28 05:06:18]:[INFO]:[Configuration file found loading /home/administrator/scripts/remote_admin/var/conf/ra.administrator.conf]
[2023-08-28 05:06:18]:[DEBUG]:[ANSI Colors loaded]
[2023-08-28 05:06:18]:[DEBUG]:[Remote Admin v.2.0 configuration file loaded from /home/administrator/scripts/remote_admin/var/conf/ra.administrator.conf]
[2023-08-28 05:06:18]:[DEBUG]:[Remote Admin is located in /home/administrator/scripts/remote_admin and started at 1693213578.909]
[2023-08-28 05:06:18]:[DEBUG]:[Remote Admin is reporting 37 lines and 132 columns]
[2023-08-28 05:06:18]:[INFO]:[Remote Admin v.2.0 startup completed]
[2023-08-28 05:06:20]:[DEBUG]:["Exit Remote Admin" was selected]
[2023-08-28 05:06:20]:[INFO]:[Remote Admin closing - total run time: 00h 00m 01.866s]
[2023-08-28 05:06:20]:[DEBUG]:[Unsetting used variables]
[2023-08-28 05:06:27]:[DEBUG]:[Log level assigned to debug]
[2023-08-28 05:06:27]:[INFO]:[Configuration file found loading /home/administrator/scripts/remote_admin/var/conf/ra.administrator.conf]
[2023-08-28 05:06:27]:[DEBUG]:[ANSI Colors loaded]
[2023-08-28 05:06:27]:[DEBUG]:[Remote Admin v.2.0 configuration file loaded from /home/administrator/scripts/remote_admin/var/conf/ra.administrator.conf]
[2023-08-28 05:06:27]:[DEBUG]:[Remote Admin is located in /home/administrator/scripts/remote_admin and started at 1693213587.936]
[2023-08-28 05:06:27]:[DEBUG]:[Remote Admin is reporting 37 lines and 132 columns]
[2023-08-28 05:06:27]:[INFO]:[Remote Admin v.2.0 startup completed]
[2023-08-28 05:06:53]:[DEBUG]:["Help Manual" was selected]
[2023-08-28 05:07:04]:[DEBUG]:["Local System" was selected]
[2023-08-28 05:07:08]:[DEBUG]:["Run a diagnostic" was selected]
[2023-08-28 05:07:08]:[INFO]:[System Diagnostics Started]
[2023-08-28 05:07:08]:[INFO]:[Failed services: \n● glances.service loaded failed failed Glances]
[2023-08-28 05:07:09]:[INFO]:[Failed services: \n● glances.service loaded failed failed Glances]
[2023-08-28 05:07:09]:[INFO]:[Failed services: \n● glances.service loaded failed failed Glances]
[2023-08-28 05:07:10]:[INFO]:[Failed services: \n● glances.service loaded failed failed Glances]
[2023-08-28 05:07:11]:[INFO]:[Failed services: \n● glances.service loaded failed failed Glances]
[2023-08-28 05:07:12]:[INFO]:[Failed services: \n● glances.service loaded failed failed Glances]
[2023-08-28 05:07:13]:[INFO]:[Failed services: \n● glances.service loaded failed failed Glances]
[2023-08-28 05:07:13]:[INFO]:[Failed services: \n● glances.service loaded failed failed Glances]
[2023-08-28 05:07:16]:[DEBUG]:["Check Resources" was selected]
[2023-08-28 05:07:18]:[DEBUG]:["Create a Snapshot" was selected]
[2023-08-28 05:07:23]:[DEBUG]:["Return to System Menu" was selected]
[2023-08-28 05:07:25]:[DEBUG]:["Local System" was selected]
[2023-08-28 05:07:27]:[DEBUG]:["System Information" was selected]
[2023-08-28 05:07:40]:[DEBUG]:["Check for Errors" was selected]
[2023-08-28 05:07:42]:[DEBUG]:["Check for Updates" was selected]
[2023-08-28 05:07:44]:[DEBUG]:["Return to System Menu" was selected]
[2023-08-28 05:07:52]:[DEBUG]:["Settings" was selected]
[2023-08-28 05:07:56]:[DEBUG]:["Edit Config" was selected]
[2023-08-28 05:08:06]:[INFO]:[Configuration file found loading /home/administrator/scripts/remote_admin/var/conf/ra.administrator.conf]
[2023-08-28 05:08:30]:[INFO]:[Configuration file found loading /home/administrator/scripts/remote_admin/var/conf/ra.administrator.conf]
[2023-08-28 05:10:25]:[INFO]:[Remote Admin closing - total run time: 00h 03m 58.017s]
[2023-08-28 05:15:51]:[INFO]:[Configuration file found loading /home/administrator/scripts/remote_admin/var/conf/ra.administrator.conf]
[2023-08-28 05:15:51]:[INFO]:[Remote Admin v.2.0 startup completed]
[2023-08-28 05:16:40]:[INFO]:[Remote Admin closing - total run time: 00h 00m 49.290s]
[2023-08-28 05:16:41]:[INFO]:[Configuration file found loading /home/administrator/scripts/remote_admin/var/conf/ra.administrator.conf]
[2023-08-28 05:16:41]:[INFO]:[Remote Admin v.2.0 startup completed]
[2023-08-28 05:20:23]:[INFO]:[Remote Admin closing - total run time: 00h 03m 42.378s]
[2023-08-28 05:20:24]:[INFO]:[Configuration file found loading /home/administrator/scripts/remote_admin/var/conf/ra.administrator.conf]
[2023-08-28 05:20:24]:[INFO]:[Remote Admin v.2.0 startup completed]
[2023-08-28 05:20:41]:[INFO]:[Remote Admin closing - total run time: 00h 00m 17.584s]
[2023-08-28 05:21:48]:[INFO]:[Configuration file found loading /home/administrator/scripts/remote_admin/var/conf/ra.administrator.conf]
[2023-08-28 05:21:48]:[INFO]:[Remote Admin v.2.0 startup completed]
[2023-08-28 05:25:45]:[INFO]:[Remote Admin closing - total run time: 00h 03m 56.994s]
[2023-08-28 05:25:46]:[INFO]:[Configuration file found loading /home/administrator/scripts/remote_admin/var/conf/ra.administrator.conf]
[2023-08-28 05:25:46]:[INFO]:[Remote Admin v.2.0 startup completed]
[2023-08-28 05:27:27]:[INFO]:[Remote Admin closing - total run time: 00h 01m 41.089s]
[2023-08-28 05:33:35]:[INFO]:[Configuration file found loading /home/administrator/scripts/remote_admin/var/conf/ra.administrator.conf]
[2023-08-28 05:33:35]:[INFO]:[Remote Admin v.2.0 startup completed]
[2023-08-28 05:36:17]:[INFO]:[Remote Admin closing - total run time: 00h 02m 42.326s]
[2023-08-28 05:38:21]:[INFO]:[Configuration file found loading /home/administrator/scripts/remote_admin/var/conf/ra.administrator.conf]
[2023-08-28 05:38:21]:[INFO]:[Remote Admin v.2.0 startup completed]
[2023-08-28 05:38:36]:[INFO]:[Remote Admin closing - total run time: 00h 00m 14.971s]
[2023-08-28 05:38:52]:[INFO]:[Configuration file found loading /home/administrator/scripts/remote_admin/var/conf/ra.administrator.conf]
[2023-08-28 05:38:52]:[INFO]:[Remote Admin v.2.0 startup completed]
[2023-08-28 05:40:01]:[INFO]:[Remote Admin closing - total run time: 00h 01m 08.393s]
[2023-08-28 05:42:38]:[INFO]:[Configuration file found loading /home/administrator/scripts/remote_admin/var/conf/ra.administrator.conf]
[2023-08-28 05:42:38]:[INFO]:[Remote Admin v.2.0 startup completed]
[2023-08-28 05:43:35]:[INFO]:[Remote Admin closing - total run time: 00h 00m 57.445s]
[2023-08-28 05:43:36]:[INFO]:[Configuration file found loading /home/administrator/scripts/remote_admin/var/conf/ra.administrator.conf]
[2023-08-28 05:43:36]:[INFO]:[Remote Admin v.2.0 startup completed]
[2023-08-28 05:43:57]:[INFO]:[Remote Admin closing - total run time: 00h 00m 21.048s]
[2023-08-28 05:44:22]:[INFO]:[Configuration file found loading /home/administrator/scripts/remote_admin/var/conf/ra.administrator.conf]
[2023-08-28 05:44:22]:[INFO]:[Remote Admin v.2.0 startup completed]
[2023-08-28 05:46:59]:[INFO]:[System Diagnostics Started]
[2023-08-28 05:46:59]:[INFO]:[Failed services: \n● glances.service loaded failed failed Glances]
[2023-08-28 05:47:00]:[INFO]:[Failed services: \n● glances.service loaded failed failed Glances]
[2023-08-28 05:47:01]:[INFO]:[Failed services: \n● glances.service loaded failed failed Glances]
[2023-08-28 05:47:01]:[INFO]:[Failed services: \n● glances.service loaded failed failed Glances]
[2023-08-28 05:47:02]:[INFO]:[Failed services: \n● glances.service loaded failed failed Glances]
[2023-08-28 05:47:03]:[INFO]:[Failed services: \n● glances.service loaded failed failed Glances]
[2023-08-28 05:47:04]:[INFO]:[Failed services: \n● glances.service loaded failed failed Glances]
[2023-08-28 05:47:05]:[INFO]:[Failed services: \n● glances.service loaded failed failed Glances]
[2023-08-28 05:47:16]:[INFO]:[Failed services: \n● glances.service loaded failed failed Glances]
[2023-08-28 05:47:16]:[INFO]:[Unable to reach external network]
[2023-08-28 05:47:19]:[INFO]:[System Diagnostics Started]
[2023-08-28 05:47:19]:[INFO]:[Failed services: \n● glances.service loaded failed failed Glances]
[2023-08-28 05:47:20]:[INFO]:[Failed services: \n● glances.service loaded failed failed Glances]
[2023-08-28 05:47:26]:[INFO]:[System Diagnostics Started]
[2023-08-28 05:48:24]:[INFO]:[System Diagnostics Started]
[2023-08-28 05:48:24]:[INFO]:[Failed services: \n● glances.service loaded failed failed Glances]
[2023-08-28 05:48:24]:[INFO]:[Failed services: \n● glances.service loaded failed failed Glances]
[2023-08-28 05:48:25]:[INFO]:[Failed services: \n● glances.service loaded failed failed Glances]
[2023-08-28 05:48:26]:[INFO]:[Failed services: \n● glances.service loaded failed failed Glances]
[2023-08-28 05:59:26]:[INFO]:[Configuration file found loading /home/administrator/scripts/remote_admin/var/conf/ra.administrator.conf]
[2023-08-28 05:59:26]:[INFO]:[Remote Admin v.2.0 startup completed]
[2023-08-28 05:59:28]:[INFO]:[Remote Admin closing - total run time: 00h 00m 02.393s]
[2023-08-28 07:37:41]:[INFO]:[Configuration file found loading /home/administrator/scripts/remote_admin/var/conf/ra.administrator.conf]
[2023-08-28 07:37:41]:[INFO]:[Remote Admin v.2.0 startup completed]
[2023-08-28 07:37:58]:[INFO]:[Remote Admin closing - total run time: 00h 00m 16.642s]
[2023-08-28 07:39:02]:[INFO]:[Configuration file found loading /home/administrator/scripts/remote_admin/var/conf/ra.administrator.conf]
[2023-08-28 07:39:02]:[INFO]:[Remote Admin v.2.0 startup completed]
[2023-08-28 07:39:04]:[INFO]:[Starting snapshot for ra__2023-08-28]
[2023-08-28 07:39:04]:[INFO]:[Snapshot ra__2023-08-28 created successfully.]
[2023-08-28 07:39:20]:[INFO]:[Remote Admin closing - total run time: 00h 00m 18.351s]
[2023-08-28 07:40:09]:[INFO]:[Configuration file found loading /home/administrator/scripts/remote_admin/var/conf/ra.administrator.conf]
[2023-08-28 07:40:09]:[INFO]:[Remote Admin v.2.0 startup completed]
[2023-08-28 07:40:13]:[INFO]:[Starting snapshot for ra__2023-08-28]
[2023-08-28 07:40:13]:[INFO]:[Snapshot ra__2023-08-28 created successfully.]
[2023-08-28 08:07:16]:[INFO]:[Configuration file found loading /home/administrator/scripts/remote_admin/var/conf/ra.administrator.conf]
[2023-08-28 08:07:16]:[INFO]:[Remote Admin v.2.0 startup completed]
[2023-08-28 08:07:22]:[INFO]:[Username was changed to ]
[2023-08-28 08:07:25]:[INFO]:[Remote Admin closing - total run time: 00h 00m 09.137s]
